

Microchip MPLAB XC8 Assembler V2.45 build 20230818022343 
                                                                                               Sat Dec 23 11:46:41 2023

Microchip MPLAB XC8 C Compiler v2.45 (Free license) build 20230818022343 Og1 
     1                           	processor	18F4550
     2                           	fnconf	rparam,??,?,0
     3                           	pagewidth 120
     4                           	opt	flic
     5                           	psect	cinit,global,reloc=2,class=CODE,delta=1
     6                           	psect	cstackCOMRAM,global,class=COMRAM,space=1,delta=1,lowdata,noexec
     7                           	psect	text0,global,reloc=2,class=CODE,delta=1
     8                           	psect	text1,global,reloc=2,class=CODE,delta=1
     9                           	psect	text2,global,reloc=2,class=CODE,delta=1
    10                           	psect	text3,global,reloc=2,class=CODE,delta=1
    11                           	psect	smallconst,global,reloc=2,class=SMALLCONST,delta=1,noexec
    12                           	psect	intsave_regs,global,class=BIGRAM,space=1,delta=1,noexec
    13                           	psect	rparam,global,class=COMRAM,space=1,delta=1,noexec
    14                           	psect	config,global,abs,ovrld,class=CONFIG,space=4,delta=1,noexec
    15   000000                     
    16                           ; Generated 23/03/2023 GMT
    17                           ; 
    18                           ; Copyright © 2023, Microchip Technology Inc. and its subsidiaries ("Microchip")
    19                           ; All rights reserved.
    20                           ; 
    21                           ; This software is developed by Microchip Technology Inc. and its subsidiaries ("Microch
      +                          ip").
    22                           ; 
    23                           ; Redistribution and use in source and binary forms, with or without modification, are
    24                           ; permitted provided that the following conditions are met:
    25                           ; 
    26                           ;     1. Redistributions of source code must retain the above copyright notice, this lis
      +                          t of
    27                           ;        conditions and the following disclaimer.
    28                           ; 
    29                           ;     2. Redistributions in binary form must reproduce the above copyright notice, this 
      +                          list
    30                           ;        of conditions and the following disclaimer in the documentation and/or other
    31                           ;        materials provided with the distribution. Publication is not required when
    32                           ;        this file is used in an embedded application.
    33                           ; 
    34                           ;     3. Microchip's name may not be used to endorse or promote products derived from th
      +                          is
    35                           ;        software without specific prior written permission.
    36                           ; 
    37                           ; THIS SOFTWARE IS PROVIDED BY MICROCHIP "AS IS" AND ANY EXPRESS OR IMPLIED WARRANTIES,
    38                           ; INCLUDING, BUT NOT LIMITED TO, THE IMPLIED WARRANTIES OF MERCHANTABILITY AND FITNESS F
      +                          OR
    39                           ; PURPOSE ARE DISCLAIMED.  IN NO EVENT SHALL MICROCHIP BE LIABLE FOR ANY DIRECT, INDIREC
      +                          T,
    40                           ; INCIDENTAL, SPECIAL, EXEMPLARY, OR CONSEQUENTIAL DAMAGES (INCLUDING BUT NOT LIMITED TO
    41                           ; PROCUREMENT OF SUBSTITUTE GOODS OR SERVICES; LOSS OF USE, DATA OR PROFITS; OR BUSINESS
    42                           ; INTERRUPTION) HOWSOEVER CAUSED AND ON ANY THEORY OF LIABILITY, WHETHER IN CONTRACT, ST
      +                          RICT
    43                           ; LIABILITY, OR TORT (INCLUDING NEGLIGENCE OR OTHERWISE) ARISING IN ANY WAY OUT OF THE U
      +                          SE OF
    44                           ; THIS SOFTWARE, EVEN IF ADVISED OF THE POSSIBILITY OF SUCH DAMAGE.
    45                           ; 
    46                           ; 
    47                           ; Code-generator required, PIC18F4550 Definitions
    48                           ; 
    49                           ; SFR Addresses
    50   000000                     _TMR0L	set	4054
    51   000000                     _TMR0H	set	4055
    52   000000                     _T0CONbits	set	4053
    53   000000                     _PORTD	set	3971
    54   000000                     _TRISDbits	set	3989
    55   000000                     _INTCONbits	set	4082
    56   000000                     _LATDbits	set	3980
    57                           
    58                           ; #config settings
    59                           
    60                           	psect	cinit
    61   000854                     __pcinit:
    62                           	callstack 0
    63   000854                     start_initialization:
    64                           	callstack 0
    65   000854                     __initialization:
    66                           	callstack 0
    67   000854                     end_of_initialization:
    68                           	callstack 0
    69   000854                     __end_of__initialization:
    70                           	callstack 0
    71   000854  0100               	movlb	0
    72   000856  EF01  F004         	goto	_main	;jump to C main() function
    73                           
    74                           	psect	cstackCOMRAM
    75   000000                     __pcstackCOMRAM:
    76                           	callstack 0
    77   000000                     
    78                           ; 1 bytes @ 0x0
    79 ;;
    80 ;;Main: autosize = 0, tempsize = 0, incstack = 0, save=0
    81 ;;
    82 ;; *************** function _main *****************
    83 ;; Defined at:
    84 ;;		line 45 in file "main.c"
    85 ;; Parameters:    Size  Location     Type
    86 ;;		None
    87 ;; Auto vars:     Size  Location     Type
    88 ;;		None
    89 ;; Return value:  Size  Location     Type
    90 ;;                  1    wreg      void 
    91 ;; Registers used:
    92 ;;		wreg, status,2, cstack
    93 ;; Tracked objects:
    94 ;;		On entry : 0/0
    95 ;;		On exit  : 0/0
    96 ;;		Unchanged: 0/0
    97 ;; Data sizes:     COMRAM   BANK0   BANK1   BANK2   BANK3   BANK4   BANK5   BANK6   BANK7
    98 ;;      Params:         0       0       0       0       0       0       0       0       0
    99 ;;      Locals:         0       0       0       0       0       0       0       0       0
   100 ;;      Temps:          0       0       0       0       0       0       0       0       0
   101 ;;      Totals:         0       0       0       0       0       0       0       0       0
   102 ;;Total ram usage:        0 bytes
   103 ;; Hardware stack levels required when called: 1
   104 ;; This function calls:
   105 ;;		_miDelay
   106 ;;		_pinConfig
   107 ;;		_timer0Config
   108 ;; This function is called by:
   109 ;;		Startup code after reset
   110 ;; This function uses a non-reentrant model
   111 ;;
   112                           
   113                           	psect	text0
   114   000802                     __ptext0:
   115                           	callstack 0
   116   000802                     _main:
   117                           	callstack 30
   118   000802  EC26  F004         	call	_pinConfig	;wreg free
   119   000806  EC1F  F004         	call	_timer0Config	;wreg free
   120   00080A  9E8C               	bcf	140,7,c	;volatile
   121   00080C                     l31:
   122   00080C  EC10  F004         	call	_miDelay	;wreg free
   123   000810  8E8C               	bsf	140,7,c	;volatile
   124   000812  EC10  F004         	call	_miDelay	;wreg free
   125   000816  9E8C               	bcf	140,7,c	;volatile
   126   000818  EF06  F004         	goto	l31
   127   00081C  EF01  F000         	goto	start
   128   000820                     __end_of_main:
   129                           	callstack 0
   130                           
   131 ;; *************** function _timer0Config *****************
   132 ;; Defined at:
   133 ;;		line 25 in file "main.c"
   134 ;; Parameters:    Size  Location     Type
   135 ;;		None
   136 ;; Auto vars:     Size  Location     Type
   137 ;;		None
   138 ;; Return value:  Size  Location     Type
   139 ;;                  1    wreg      void 
   140 ;; Registers used:
   141 ;;		wreg, status,2
   142 ;; Tracked objects:
   143 ;;		On entry : 0/0
   144 ;;		On exit  : 0/0
   145 ;;		Unchanged: 0/0
   146 ;; Data sizes:     COMRAM   BANK0   BANK1   BANK2   BANK3   BANK4   BANK5   BANK6   BANK7
   147 ;;      Params:         0       0       0       0       0       0       0       0       0
   148 ;;      Locals:         0       0       0       0       0       0       0       0       0
   149 ;;      Temps:          0       0       0       0       0       0       0       0       0
   150 ;;      Totals:         0       0       0       0       0       0       0       0       0
   151 ;;Total ram usage:        0 bytes
   152 ;; Hardware stack levels used: 1
   153 ;; This function calls:
   154 ;;		Nothing
   155 ;; This function is called by:
   156 ;;		_main
   157 ;; This function uses a non-reentrant model
   158 ;;
   159                           
   160                           	psect	text1
   161   00083E                     __ptext1:
   162                           	callstack 0
   163   00083E                     _timer0Config:
   164                           	callstack 30
   165   00083E                     
   166                           ;main.c: 27: }
   167   00083E  9CD5               	bcf	213,6,c	;volatile
   168                           
   169                           ;main.c: 28: 
   170   000840  9AD5               	bcf	213,5,c	;volatile
   171   000842                     
   172                           ;main.c: 31:     timer0Config();
   173   000842  0E3C               	movlw	60
   174   000844  6ED7               	movwf	215,c	;volatile
   175                           
   176                           ;main.c: 32: 
   177   000846  0EC4               	movlw	196
   178   000848  6ED6               	movwf	214,c	;volatile
   179   00084A  0012               	return		;funcret
   180   00084C                     __end_of_timer0Config:
   181                           	callstack 0
   182                           
   183 ;; *************** function _pinConfig *****************
   184 ;; Defined at:
   185 ;;		line 19 in file "main.c"
   186 ;; Parameters:    Size  Location     Type
   187 ;;		None
   188 ;; Auto vars:     Size  Location     Type
   189 ;;		None
   190 ;; Return value:  Size  Location     Type
   191 ;;                  1    wreg      void 
   192 ;; Registers used:
   193 ;;		wreg, status,2
   194 ;; Tracked objects:
   195 ;;		On entry : 0/0
   196 ;;		On exit  : 0/0
   197 ;;		Unchanged: 0/0
   198 ;; Data sizes:     COMRAM   BANK0   BANK1   BANK2   BANK3   BANK4   BANK5   BANK6   BANK7
   199 ;;      Params:         0       0       0       0       0       0       0       0       0
   200 ;;      Locals:         0       0       0       0       0       0       0       0       0
   201 ;;      Temps:          0       0       0       0       0       0       0       0       0
   202 ;;      Totals:         0       0       0       0       0       0       0       0       0
   203 ;;Total ram usage:        0 bytes
   204 ;; Hardware stack levels used: 1
   205 ;; This function calls:
   206 ;;		Nothing
   207 ;; This function is called by:
   208 ;;		_main
   209 ;; This function uses a non-reentrant model
   210 ;;
   211                           
   212                           	psect	text2
   213   00084C                     __ptext2:
   214                           	callstack 0
   215   00084C                     _pinConfig:
   216                           	callstack 30
   217   00084C                     
   218                           ;main.c: 21:     T0CONbits.TMR0ON = 1;
   219   00084C  9E95               	bcf	149,7,c	;volatile
   220   00084E                     
   221                           ;main.c: 22:     while(!INTCONbits.TMR0IF);
   222   00084E  0E00               	movlw	0
   223   000850  6E83               	movwf	131,c	;volatile
   224   000852  0012               	return		;funcret
   225   000854                     __end_of_pinConfig:
   226                           	callstack 0
   227                           
   228 ;; *************** function _miDelay *****************
   229 ;; Defined at:
   230 ;;		line 35 in file "main.c"
   231 ;; Parameters:    Size  Location     Type
   232 ;;		None
   233 ;; Auto vars:     Size  Location     Type
   234 ;;		None
   235 ;; Return value:  Size  Location     Type
   236 ;;                  1    wreg      void 
   237 ;; Registers used:
   238 ;;		wreg, status,2
   239 ;; Tracked objects:
   240 ;;		On entry : 0/0
   241 ;;		On exit  : 0/0
   242 ;;		Unchanged: 0/0
   243 ;; Data sizes:     COMRAM   BANK0   BANK1   BANK2   BANK3   BANK4   BANK5   BANK6   BANK7
   244 ;;      Params:         0       0       0       0       0       0       0       0       0
   245 ;;      Locals:         0       0       0       0       0       0       0       0       0
   246 ;;      Temps:          0       0       0       0       0       0       0       0       0
   247 ;;      Totals:         0       0       0       0       0       0       0       0       0
   248 ;;Total ram usage:        0 bytes
   249 ;; Hardware stack levels used: 1
   250 ;; This function calls:
   251 ;;		Nothing
   252 ;; This function is called by:
   253 ;;		_main
   254 ;; This function uses a non-reentrant model
   255 ;;
   256                           
   257                           	psect	text3
   258   000820                     __ptext3:
   259                           	callstack 0
   260   000820                     _miDelay:
   261                           	callstack 30
   262   000820                     
   263                           ;main.c: 37:         LATDbits.LATD7 = 1;
   264   000820  8ED5               	bsf	213,7,c	;volatile
   265   000822                     l23:
   266   000822  A4F2               	btfss	242,2,c	;volatile
   267   000824  EF16  F004         	goto	u11
   268   000828  EF18  F004         	goto	u10
   269   00082C                     u11:
   270   00082C  EF11  F004         	goto	l23
   271   000830                     u10:
   272   000830                     
   273                           ;main.c: 39:         LATDbits.LATD7 = 0;
   274   000830  94F2               	bcf	242,2,c	;volatile
   275                           
   276                           ;main.c: 40:     }
   277   000832  9ED5               	bcf	213,7,c	;volatile
   278   000834                     
   279                           ;main.c: 41:     return;
   280   000834  0E3C               	movlw	60
   281   000836  6ED7               	movwf	215,c	;volatile
   282                           
   283                           ;main.c: 42: }
   284   000838  0EC4               	movlw	196
   285   00083A  6ED6               	movwf	214,c	;volatile
   286   00083C  0012               	return		;funcret
   287   00083E                     __end_of_miDelay:
   288                           	callstack 0
   289                           
   290                           	psect	smallconst
   291   000800                     __psmallconst:
   292                           	callstack 0
   293   000800  00                 	db	0
   294   000801  00                 	db	0	; dummy byte at the end
   295   000000                     
   296                           	psect	rparam
   297   000000                     
   298                           	psect	config
   299                           
   300                           ;Config register CONFIG1L @ 0x300000
   301                           ;	unspecified, using default values
   302                           ;	PLL Prescaler Selection bits
   303                           ;	PLLDIV = 0x0, unprogrammed default
   304                           ;	System Clock Postscaler Selection bits
   305                           ;	CPUDIV = 0x0, unprogrammed default
   306                           ;	USB Clock Selection bit (used in Full-Speed USB mode only; UCFG:FSEN = 1)
   307                           ;	USBDIV = 0x0, unprogrammed default
   308   300000                     	org	3145728
   309   300000  00                 	db	0
   310                           
   311                           ;Config register CONFIG1H @ 0x300001
   312                           ;	Oscillator Selection bits
   313                           ;	FOSC = HS, HS oscillator (HS)
   314                           ;	Fail-Safe Clock Monitor Enable bit
   315                           ;	FCMEN = 0x0, unprogrammed default
   316                           ;	Internal/External Oscillator Switchover bit
   317                           ;	IESO = 0x0, unprogrammed default
   318   300001                     	org	3145729
   319   300001  0C                 	db	12
   320                           
   321                           ;Config register CONFIG2L @ 0x300002
   322                           ;	Power-up Timer Enable bit
   323                           ;	PWRT = ON, PWRT enabled
   324                           ;	Brown-out Reset Enable bits
   325                           ;	BOR = ON, Brown-out Reset enabled in hardware only (SBOREN is disabled)
   326                           ;	Brown-out Reset Voltage bits
   327                           ;	BORV = 0x3, unprogrammed default
   328                           ;	USB Voltage Regulator Enable bit
   329                           ;	VREGEN = 0x0, unprogrammed default
   330   300002                     	org	3145730
   331   300002  1E                 	db	30
   332                           
   333                           ;Config register CONFIG2H @ 0x300003
   334                           ;	Watchdog Timer Enable bit
   335                           ;	WDT = OFF, WDT disabled (control is placed on the SWDTEN bit)
   336                           ;	Watchdog Timer Postscale Select bits
   337                           ;	WDTPS = 0xF, unprogrammed default
   338   300003                     	org	3145731
   339   300003  1E                 	db	30
   340                           
   341                           ; Padding undefined space
   342   300004                     	org	3145732
   343   300004  FF                 	db	255
   344                           
   345                           ;Config register CONFIG3H @ 0x300005
   346                           ;	CCP2 MUX bit
   347                           ;	CCP2MX = 0x1, unprogrammed default
   348                           ;	PORTB A/D Enable bit
   349                           ;	PBADEN = OFF, PORTB<4:0> pins are configured as digital I/O on Reset
   350                           ;	Low-Power Timer 1 Oscillator Enable bit
   351                           ;	LPT1OSC = 0x0, unprogrammed default
   352                           ;	MCLR Pin Enable bit
   353                           ;	MCLRE = OFF, RE3 input pin enabled; MCLR pin disabled
   354   300005                     	org	3145733
   355   300005  01                 	db	1
   356                           tosu	equ	0xFFF
   357                           tosh	equ	0xFFE
   358                           tosl	equ	0xFFD
   359                           stkptr	equ	0xFFC
   360                           pclatu	equ	0xFFB
   361                           pclath	equ	0xFFA
   362                           pcl	equ	0xFF9
   363                           tblptru	equ	0xFF8
   364                           tblptrh	equ	0xFF7
   365                           tblptrl	equ	0xFF6
   366                           tablat	equ	0xFF5
   367                           prodh	equ	0xFF4
   368                           prodl	equ	0xFF3
   369                           indf0	equ	0xFEF
   370                           postinc0	equ	0xFEE
   371                           postdec0	equ	0xFED
   372                           preinc0	equ	0xFEC
   373                           plusw0	equ	0xFEB
   374                           fsr0h	equ	0xFEA
   375                           fsr0l	equ	0xFE9
   376                           wreg	equ	0xFE8
   377                           indf1	equ	0xFE7
   378                           postinc1	equ	0xFE6
   379                           postdec1	equ	0xFE5
   380                           preinc1	equ	0xFE4
   381                           plusw1	equ	0xFE3
   382                           fsr1h	equ	0xFE2
   383                           fsr1l	equ	0xFE1
   384                           bsr	equ	0xFE0
   385                           indf2	equ	0xFDF
   386                           postinc2	equ	0xFDE
   387                           postdec2	equ	0xFDD
   388                           preinc2	equ	0xFDC
   389                           plusw2	equ	0xFDB
   390                           fsr2h	equ	0xFDA
   391                           fsr2l	equ	0xFD9
   392                           status	equ	0xFD8

Data Sizes:
    Strings     0
    Constant    0
    Data        0
    BSS         0
    Persistent  0
    Stack       0

Auto Spaces:
    Space          Size  Autos    Used
    COMRAM           95      0       0
    BANK0           160      0       0
    BANK1           256      0       0
    BANK2           256      0       0
    BANK3           239      0       0
    BANK4           256      0       0
    BANK5           256      0       0
    BANK6           256      0       0
    BANK7           256      0       0

Pointer List with Targets:

    None.

Critical Paths under _main in COMRAM

    None.

Critical Paths under _main in BANK0

    None.

Critical Paths under _main in BANK1

    None.

Critical Paths under _main in BANK2

    None.

Critical Paths under _main in BANK3

    None.

Critical Paths under _main in BANK4

    None.

Critical Paths under _main in BANK5

    None.

Critical Paths under _main in BANK6

    None.

Critical Paths under _main in BANK7

    None.

Call Graph Tables:

 ---------------------------------------------------------------------------------
 (Depth) Function   	        Calls       Base Space   Used Autos Params    Refs
 ---------------------------------------------------------------------------------
 (0) _main                                                 0     0      0       0
                            _miDelay
                          _pinConfig
                       _timer0Config
 ---------------------------------------------------------------------------------
 (1) _timer0Config                                         0     0      0       0
 ---------------------------------------------------------------------------------
 (1) _pinConfig                                            0     0      0       0
 ---------------------------------------------------------------------------------
 (1) _miDelay                                              0     0      0       0
 ---------------------------------------------------------------------------------
 Estimated maximum stack depth 1
 ---------------------------------------------------------------------------------

 Call Graph Graphs:

 _main (ROOT)
   _miDelay
   _pinConfig
   _timer0Config

 Address spaces:
Name               Size   Autos  Total    Cost      Usage
BITCOMRAM           5F      0       0       0        0.0%
EEDATA             100      0       0       0        0.0%
NULL                 0      0       0       0        0.0%
CODE                 0      0       0       0        0.0%
COMRAM              5F      0       0       1        0.0%
STACK                0      0       0       2        0.0%
BITBANK0            A0      0       0       3        0.0%
BANK0               A0      0       0       4        0.0%
BITBANK1           100      0       0       5        0.0%
BANK1              100      0       0       6        0.0%
BITBANK2           100      0       0       7        0.0%
BANK2              100      0       0       8        0.0%
BITBANK3            EF      0       0       9        0.0%
BANK3               EF      0       0      10        0.0%
BITBANK4           100      0       0      11        0.0%
BANK4              100      0       0      12        0.0%
BITBANK5           100      0       0      13        0.0%
BANK5              100      0       0      14        0.0%
BITBANK6           100      0       0      15        0.0%
BANK6              100      0       0      16        0.0%
BITBANK7           100      0       0      17        0.0%
BANK7              100      0       0      18        0.0%
BITBIGSFR_5h         9      0       0      19        0.0%
BITBIGSFR_5l         2      0       0      20        0.0%
BITBIGSFR_4          3      0       0      21        0.0%
BITBIGSFR_3          3      0       0      22        0.0%
BITBIGSFR_2h         3      0       0      23        0.0%
BITBIGSFR_1         37      0       0      24        0.0%
BITBIGSFRh           6      0       0      25        0.0%
BITBIGSFRlhh         8      0       0      26        0.0%
BITBIGSFRlhl         8      0       0      27        0.0%
BITBIGSFRll         23      0       0      28        0.0%
ABS                  0      0       0      29        0.0%
BIGRAM_1           400      0       0      30        0.0%
BIGRAM             3EE      0       0      31        0.0%
DATA                 0      0       0      32        0.0%
BIGSFR_5             0      0       0     200        0.0%
BIGSFR_4             0      0       0     200        0.0%
BIGSFR_3             0      0       0     200        0.0%
BIGSFR_2             0      0       0     200        0.0%
BIGSFR_1             0      0       0     200        0.0%
BIGSFR               0      0       0     200        0.0%
BITSFR_5             0      0       0     200        0.0%
SFR_5                0      0       0     200        0.0%
BITSFR_4             0      0       0     200        0.0%
SFR_4                0      0       0     200        0.0%
BITSFR_3             0      0       0     200        0.0%
SFR_3                0      0       0     200        0.0%
BITSFR_2             0      0       0     200        0.0%
SFR_2                0      0       0     200        0.0%
BITSFR_1             0      0       0     200        0.0%
SFR_1                0      0       0     200        0.0%
BITSFR               0      0       0     200        0.0%
SFR                  0      0       0     200        0.0%


Microchip Technology PIC18 Macro Assembler V2.45 build 20230818022343 
Symbol Table                                                                                   Sat Dec 23 11:46:41 2023

                     l20 084A                       l23 0822                       l31 080C  
                     l25 0830                       l17 0852                       l26 083C  
                     u10 0830                       u11 082C                      l710 084C  
                    l720 0834                      l712 084E                      l714 083E  
                    l722 0802                      l716 0842                      l724 080A  
                    l718 0820                      l726 0810                      l728 0816  
                   _main 0802                     start 0002             ___param_bank 0000  
                  ?_main 0000                    _TMR0H 0FD7                    _TMR0L 0FD6  
                  _PORTD 0F83          __end_of_miDelay 083E          __initialization 0854  
           __end_of_main 0820                   ??_main 0000            __activetblptr 0000  
              ??_miDelay 0000                   isa$std 0001             __mediumconst 0000  
             __accesstop 0060  __end_of__initialization 0854            ___rparam_used 0001  
         __pcstackCOMRAM 0000                  __Hparam 0000                  __Lparam 0000  
          ?_timer0Config 0000             __psmallconst 0800                  __pcinit 0854  
                __ramtop 0800                  _miDelay 0820                  __ptext0 0802  
                __ptext1 083E                  __ptext2 084C                  __ptext3 0820  
              _T0CONbits 0FD5        __end_of_pinConfig 0854     end_of_initialization 0854  
         ??_timer0Config 0000                _TRISDbits 0F95      start_initialization 0854  
   __end_of_timer0Config 084C                 ?_miDelay 0000              __smallconst 0800  
              _pinConfig 084C                 _LATDbits 0F8C               ?_pinConfig 0000  
               __Hrparam 0000                 __Lrparam 0000                 isa$xinst 0000  
           _timer0Config 083E               _INTCONbits 0FF2              ??_pinConfig 0000  
