

Microchip MPLAB XC8 Assembler V2.45 build 20230818022343 
                                                                                               Tue Dec 19 20:12:56 2023

Microchip MPLAB XC8 C Compiler v2.45 (Free license) build 20230818022343 Og1 
     1                           	processor	18F4550
     2                           	fnconf	rparam,??,?,0
     3                           	pagewidth 120
     4                           	opt	flic
     5                           	psect	cinit,global,reloc=2,class=CODE,delta=1
     6                           	psect	cstackCOMRAM,global,class=COMRAM,space=1,delta=1,lowdata,noexec
     7                           	psect	text0,global,reloc=2,class=CODE,delta=1
     8                           	psect	text1,global,reloc=2,class=CODE,delta=1
     9                           	psect	text2,global,reloc=2,class=CODE,delta=1
    10                           	psect	smallconst,global,reloc=2,class=SMALLCONST,delta=1,noexec
    11                           	psect	intsave_regs,global,class=BIGRAM,space=1,delta=1,noexec
    12                           	psect	rparam,global,class=COMRAM,space=1,delta=1,noexec
    13                           	psect	config,global,abs,ovrld,class=CONFIG,space=4,delta=1,noexec
    14   000000                     
    15                           ; Generated 23/03/2023 GMT
    16                           ; 
    17                           ; Copyright © 2023, Microchip Technology Inc. and its subsidiaries ("Microchip")
    18                           ; All rights reserved.
    19                           ; 
    20                           ; This software is developed by Microchip Technology Inc. and its subsidiaries ("Microch
      +                          ip").
    21                           ; 
    22                           ; Redistribution and use in source and binary forms, with or without modification, are
    23                           ; permitted provided that the following conditions are met:
    24                           ; 
    25                           ;     1. Redistributions of source code must retain the above copyright notice, this lis
      +                          t of
    26                           ;        conditions and the following disclaimer.
    27                           ; 
    28                           ;     2. Redistributions in binary form must reproduce the above copyright notice, this 
      +                          list
    29                           ;        of conditions and the following disclaimer in the documentation and/or other
    30                           ;        materials provided with the distribution. Publication is not required when
    31                           ;        this file is used in an embedded application.
    32                           ; 
    33                           ;     3. Microchip's name may not be used to endorse or promote products derived from th
      +                          is
    34                           ;        software without specific prior written permission.
    35                           ; 
    36                           ; THIS SOFTWARE IS PROVIDED BY MICROCHIP "AS IS" AND ANY EXPRESS OR IMPLIED WARRANTIES,
    37                           ; INCLUDING, BUT NOT LIMITED TO, THE IMPLIED WARRANTIES OF MERCHANTABILITY AND FITNESS F
      +                          OR
    38                           ; PURPOSE ARE DISCLAIMED.  IN NO EVENT SHALL MICROCHIP BE LIABLE FOR ANY DIRECT, INDIREC
      +                          T,
    39                           ; INCIDENTAL, SPECIAL, EXEMPLARY, OR CONSEQUENTIAL DAMAGES (INCLUDING BUT NOT LIMITED TO
    40                           ; PROCUREMENT OF SUBSTITUTE GOODS OR SERVICES; LOSS OF USE, DATA OR PROFITS; OR BUSINESS
    41                           ; INTERRUPTION) HOWSOEVER CAUSED AND ON ANY THEORY OF LIABILITY, WHETHER IN CONTRACT, ST
      +                          RICT
    42                           ; LIABILITY, OR TORT (INCLUDING NEGLIGENCE OR OTHERWISE) ARISING IN ANY WAY OUT OF THE U
      +                          SE OF
    43                           ; THIS SOFTWARE, EVEN IF ADVISED OF THE POSSIBILITY OF SUCH DAMAGE.
    44                           ; 
    45                           ; 
    46                           ; Code-generator required, PIC18F4550 Definitions
    47                           ; 
    48                           ; SFR Addresses
    49   000000                     _PORTD	set	3971
    50   000000                     _TRISCbits	set	3988
    51   000000                     _TRISD	set	3989
    52   000000                     _RCSTA	set	4011
    53   000000                     _TXSTA	set	4012
    54   000000                     _RCIF	set	31989
    55   000000                     _RCREG	set	4014
    56   000000                     _SPBRG	set	4015
    57   000000                     _BAUDCONbits	set	4024
    58                           
    59                           ; #config settings
    60                           
    61                           	psect	cinit
    62   00083E                     __pcinit:
    63                           	callstack 0
    64   00083E                     start_initialization:
    65                           	callstack 0
    66   00083E                     __initialization:
    67                           	callstack 0
    68   00083E                     end_of_initialization:
    69                           	callstack 0
    70   00083E                     __end_of__initialization:
    71                           	callstack 0
    72   00083E  0100               	movlb	0
    73   000840  EF01  F004         	goto	_main	;jump to C main() function
    74                           
    75                           	psect	cstackCOMRAM
    76   000000                     __pcstackCOMRAM:
    77                           	callstack 0
    78   000000                     
    79                           ; 1 bytes @ 0x0
    80 ;;
    81 ;;Main: autosize = 0, tempsize = 0, incstack = 0, save=0
    82 ;;
    83 ;; *************** function _main *****************
    84 ;; Defined at:
    85 ;;		line 36 in file "mainUartRx.c"
    86 ;; Parameters:    Size  Location     Type
    87 ;;		None
    88 ;; Auto vars:     Size  Location     Type
    89 ;;		None
    90 ;; Return value:  Size  Location     Type
    91 ;;                  1    wreg      void 
    92 ;; Registers used:
    93 ;;		wreg, status,2, cstack
    94 ;; Tracked objects:
    95 ;;		On entry : 0/0
    96 ;;		On exit  : 0/0
    97 ;;		Unchanged: 0/0
    98 ;; Data sizes:     COMRAM   BANK0   BANK1   BANK2   BANK3   BANK4   BANK5   BANK6   BANK7
    99 ;;      Params:         0       0       0       0       0       0       0       0       0
   100 ;;      Locals:         0       0       0       0       0       0       0       0       0
   101 ;;      Temps:          0       0       0       0       0       0       0       0       0
   102 ;;      Totals:         0       0       0       0       0       0       0       0       0
   103 ;;Total ram usage:        0 bytes
   104 ;; Hardware stack levels required when called: 1
   105 ;; This function calls:
   106 ;;		_readData
   107 ;;		_uartInit
   108 ;; This function is called by:
   109 ;;		Startup code after reset
   110 ;; This function uses a non-reentrant model
   111 ;;
   112                           
   113                           	psect	text0
   114   000802                     __ptext0:
   115                           	callstack 0
   116   000802                     _main:
   117                           	callstack 30
   118   000802  0E00               	movlw	0
   119   000804  6E95               	movwf	149,c	;volatile
   120   000806  EC0C  F004         	call	_uartInit	;wreg free
   121   00080A                     l727:
   122   00080A  EC16  F004         	call	_readData	;wreg free
   123   00080E  6E83               	movwf	131,c	;volatile
   124   000810  EF05  F004         	goto	l727
   125   000814  EF00  F000         	goto	start
   126   000818                     __end_of_main:
   127                           	callstack 0
   128                           
   129 ;; *************** function _uartInit *****************
   130 ;; Defined at:
   131 ;;		line 14 in file "mainUartRx.c"
   132 ;; Parameters:    Size  Location     Type
   133 ;;		None
   134 ;; Auto vars:     Size  Location     Type
   135 ;;		None
   136 ;; Return value:  Size  Location     Type
   137 ;;                  1    wreg      void 
   138 ;; Registers used:
   139 ;;		wreg, status,2
   140 ;; Tracked objects:
   141 ;;		On entry : 0/0
   142 ;;		On exit  : 0/0
   143 ;;		Unchanged: 0/0
   144 ;; Data sizes:     COMRAM   BANK0   BANK1   BANK2   BANK3   BANK4   BANK5   BANK6   BANK7
   145 ;;      Params:         0       0       0       0       0       0       0       0       0
   146 ;;      Locals:         0       0       0       0       0       0       0       0       0
   147 ;;      Temps:          0       0       0       0       0       0       0       0       0
   148 ;;      Totals:         0       0       0       0       0       0       0       0       0
   149 ;;Total ram usage:        0 bytes
   150 ;; Hardware stack levels used: 1
   151 ;; This function calls:
   152 ;;		Nothing
   153 ;; This function is called by:
   154 ;;		_main
   155 ;; This function uses a non-reentrant model
   156 ;;
   157                           
   158                           	psect	text1
   159   000818                     __ptext1:
   160                           	callstack 0
   161   000818                     _uartInit:
   162                           	callstack 30
   163   000818                     
   164                           ;mainUartRx.c: 17: {
   165   000818  8C94               	bsf	148,6,c	;volatile
   166                           
   167                           ;mainUartRx.c: 18:     while(!RCIF);
   168   00081A  8E94               	bsf	148,7,c	;volatile
   169   00081C                     
   170                           ;mainUartRx.c: 21: 
   171   00081C  0E24               	movlw	36
   172   00081E  6EAC               	movwf	172,c	;volatile
   173   000820                     
   174                           ;mainUartRx.c: 22: 
   175   000820  96B8               	bcf	184,3,c	;volatile
   176                           
   177                           ;mainUartRx.c: 23: void main(void) {
   178   000822  0E81               	movlw	129
   179   000824  6EAF               	movwf	175,c	;volatile
   180                           
   181                           ;mainUartRx.c: 25:     TRISD = 0x00;
   182   000826  0E90               	movlw	144
   183   000828  6EAB               	movwf	171,c	;volatile
   184   00082A  0012               	return		;funcret
   185   00082C                     __end_of_uartInit:
   186                           	callstack 0
   187                           
   188 ;; *************** function _readData *****************
   189 ;; Defined at:
   190 ;;		line 29 in file "mainUartRx.c"
   191 ;; Parameters:    Size  Location     Type
   192 ;;		None
   193 ;; Auto vars:     Size  Location     Type
   194 ;;		None
   195 ;; Return value:  Size  Location     Type
   196 ;;                  1    wreg      unsigned char 
   197 ;; Registers used:
   198 ;;		wreg, status,2
   199 ;; Tracked objects:
   200 ;;		On entry : 0/0
   201 ;;		On exit  : 0/0
   202 ;;		Unchanged: 0/0
   203 ;; Data sizes:     COMRAM   BANK0   BANK1   BANK2   BANK3   BANK4   BANK5   BANK6   BANK7
   204 ;;      Params:         0       0       0       0       0       0       0       0       0
   205 ;;      Locals:         0       0       0       0       0       0       0       0       0
   206 ;;      Temps:          0       0       0       0       0       0       0       0       0
   207 ;;      Totals:         0       0       0       0       0       0       0       0       0
   208 ;;Total ram usage:        0 bytes
   209 ;; Hardware stack levels used: 1
   210 ;; This function calls:
   211 ;;		Nothing
   212 ;; This function is called by:
   213 ;;		_main
   214 ;; This function uses a non-reentrant model
   215 ;;
   216                           
   217                           	psect	text2
   218   00082C                     __ptext2:
   219                           	callstack 0
   220   00082C                     _readData:
   221                           	callstack 30
   222   00082C                     l24:
   223   00082C  AA9E               	btfss	3998,5,c	;volatile
   224   00082E  EF1B  F004         	goto	u11
   225   000832  EF1D  F004         	goto	u10
   226   000836                     u11:
   227   000836  EF16  F004         	goto	l24
   228   00083A                     u10:
   229   00083A                     
   230                           ;mainUartRx.c: 32: }
   231   00083A  50AE               	movf	174,w,c	;volatile
   232   00083C  0012               	return		;funcret
   233   00083E                     __end_of_readData:
   234                           	callstack 0
   235                           
   236                           	psect	smallconst
   237   000800                     __psmallconst:
   238                           	callstack 0
   239   000800  00                 	db	0
   240   000801  00                 	db	0	; dummy byte at the end
   241   000000                     
   242                           	psect	rparam
   243   000000                     
   244                           	psect	config
   245                           
   246                           ;Config register CONFIG1L @ 0x300000
   247                           ;	unspecified, using default values
   248                           ;	PLL Prescaler Selection bits
   249                           ;	PLLDIV = 0x0, unprogrammed default
   250                           ;	System Clock Postscaler Selection bits
   251                           ;	CPUDIV = 0x0, unprogrammed default
   252                           ;	USB Clock Selection bit (used in Full-Speed USB mode only; UCFG:FSEN = 1)
   253                           ;	USBDIV = 0x0, unprogrammed default
   254   300000                     	org	3145728
   255   300000  00                 	db	0
   256                           
   257                           ;Config register CONFIG1H @ 0x300001
   258                           ;	Oscillator Selection bits
   259                           ;	FOSC = HS, HS oscillator (HS)
   260                           ;	Fail-Safe Clock Monitor Enable bit
   261                           ;	FCMEN = 0x0, unprogrammed default
   262                           ;	Internal/External Oscillator Switchover bit
   263                           ;	IESO = 0x0, unprogrammed default
   264   300001                     	org	3145729
   265   300001  0C                 	db	12
   266                           
   267                           ;Config register CONFIG2L @ 0x300002
   268                           ;	unspecified, using default values
   269                           ;	Power-up Timer Enable bit
   270                           ;	PWRT = 0x1, unprogrammed default
   271                           ;	Brown-out Reset Enable bits
   272                           ;	BOR = 0x3, unprogrammed default
   273                           ;	Brown-out Reset Voltage bits
   274                           ;	BORV = 0x3, unprogrammed default
   275                           ;	USB Voltage Regulator Enable bit
   276                           ;	VREGEN = 0x0, unprogrammed default
   277   300002                     	org	3145730
   278   300002  1F                 	db	31
   279                           
   280                           ;Config register CONFIG2H @ 0x300003
   281                           ;	Watchdog Timer Enable bit
   282                           ;	WDT = OFF, WDT disabled (control is placed on the SWDTEN bit)
   283                           ;	Watchdog Timer Postscale Select bits
   284                           ;	WDTPS = 0xF, unprogrammed default
   285   300003                     	org	3145731
   286   300003  1E                 	db	30
   287                           
   288                           ; Padding undefined space
   289   300004                     	org	3145732
   290   300004  FF                 	db	255
   291                           
   292                           ;Config register CONFIG3H @ 0x300005
   293                           ;	CCP2 MUX bit
   294                           ;	CCP2MX = 0x1, unprogrammed default
   295                           ;	PORTB A/D Enable bit
   296                           ;	PBADEN = OFF, PORTB<4:0> pins are configured as digital I/O on Reset
   297                           ;	Low-Power Timer 1 Oscillator Enable bit
   298                           ;	LPT1OSC = 0x0, unprogrammed default
   299                           ;	MCLR Pin Enable bit
   300                           ;	MCLRE = 0x1, unprogrammed default
   301   300005                     	org	3145733
   302   300005  81                 	db	129
   303                           
   304                           ;Config register CONFIG4L @ 0x300006
   305                           ;	Stack Full/Underflow Reset Enable bit
   306                           ;	STVREN = 0x1, unprogrammed default
   307                           ;	Single-Supply ICSP Enable bit
   308                           ;	LVP = ON, Single-Supply ICSP enabled
   309                           ;	Dedicated In-Circuit Debug/Programming Port (ICPORT) Enable bit
   310                           ;	ICPRT = 0x0, unprogrammed default
   311                           ;	Extended Instruction Set Enable bit
   312                           ;	XINST = 0x0, unprogrammed default
   313                           ;	Background Debugger Enable bit
   314                           ;	DEBUG = 0x1, unprogrammed default
   315   300006                     	org	3145734
   316   300006  85                 	db	133
   317                           
   318                           ; Padding undefined space
   319   300007                     	org	3145735
   320   300007  FF                 	db	255
   321                           tosu	equ	0xFFF
   322                           tosh	equ	0xFFE
   323                           tosl	equ	0xFFD
   324                           stkptr	equ	0xFFC
   325                           pclatu	equ	0xFFB
   326                           pclath	equ	0xFFA
   327                           pcl	equ	0xFF9
   328                           tblptru	equ	0xFF8
   329                           tblptrh	equ	0xFF7
   330                           tblptrl	equ	0xFF6
   331                           tablat	equ	0xFF5
   332                           prodh	equ	0xFF4
   333                           prodl	equ	0xFF3
   334                           indf0	equ	0xFEF
   335                           postinc0	equ	0xFEE
   336                           postdec0	equ	0xFED
   337                           preinc0	equ	0xFEC
   338                           plusw0	equ	0xFEB
   339                           fsr0h	equ	0xFEA
   340                           fsr0l	equ	0xFE9
   341                           wreg	equ	0xFE8
   342                           indf1	equ	0xFE7
   343                           postinc1	equ	0xFE6
   344                           postdec1	equ	0xFE5
   345                           preinc1	equ	0xFE4
   346                           plusw1	equ	0xFE3
   347                           fsr1h	equ	0xFE2
   348                           fsr1l	equ	0xFE1
   349                           bsr	equ	0xFE0
   350                           indf2	equ	0xFDF
   351                           postinc2	equ	0xFDE
   352                           postdec2	equ	0xFDD
   353                           preinc2	equ	0xFDC
   354                           plusw2	equ	0xFDB
   355                           fsr2h	equ	0xFDA
   356                           fsr2l	equ	0xFD9
   357                           status	equ	0xFD8

Data Sizes:
    Strings     0
    Constant    0
    Data        0
    BSS         0
    Persistent  0
    Stack       0

Auto Spaces:
    Space          Size  Autos    Used
    COMRAM           95      0       0
    BANK0           160      0       0
    BANK1           256      0       0
    BANK2           256      0       0
    BANK3           256      0       0
    BANK4           256      0       0
    BANK5           256      0       0
    BANK6           256      0       0
    BANK7           256      0       0

Pointer List with Targets:

    None.

Critical Paths under _main in COMRAM

    None.

Critical Paths under _main in BANK0

    None.

Critical Paths under _main in BANK1

    None.

Critical Paths under _main in BANK2

    None.

Critical Paths under _main in BANK3

    None.

Critical Paths under _main in BANK4

    None.

Critical Paths under _main in BANK5

    None.

Critical Paths under _main in BANK6

    None.

Critical Paths under _main in BANK7

    None.

Call Graph Tables:

 ---------------------------------------------------------------------------------
 (Depth) Function   	        Calls       Base Space   Used Autos Params    Refs
 ---------------------------------------------------------------------------------
 (0) _main                                                 0     0      0       0
                           _readData
                           _uartInit
 ---------------------------------------------------------------------------------
 (1) _uartInit                                             0     0      0       0
 ---------------------------------------------------------------------------------
 (1) _readData                                             0     0      0       0
 ---------------------------------------------------------------------------------
 Estimated maximum stack depth 1
 ---------------------------------------------------------------------------------

 Call Graph Graphs:

 _main (ROOT)
   _readData
   _uartInit

 Address spaces:
Name               Size   Autos  Total    Cost      Usage
BITCOMRAM           5F      0       0       0        0.0%
EEDATA             100      0       0       0        0.0%
NULL                 0      0       0       0        0.0%
CODE                 0      0       0       0        0.0%
COMRAM              5F      0       0       1        0.0%
STACK                0      0       0       2        0.0%
DATA                 0      0       0       3        0.0%
BITBANK0            A0      0       0       4        0.0%
BANK0               A0      0       0       5        0.0%
BITBANK1           100      0       0       6        0.0%
BANK1              100      0       0       7        0.0%
BITBANK2           100      0       0       8        0.0%
BANK2              100      0       0       9        0.0%
BITBANK3           100      0       0      10        0.0%
BANK3              100      0       0      11        0.0%
BITBANK4           100      0       0      12        0.0%
BANK4              100      0       0      13        0.0%
BITBANK5           100      0       0      14        0.0%
BANK5              100      0       0      15        0.0%
BITBANK6           100      0       0      16        0.0%
BANK6              100      0       0      17        0.0%
BITBANK7           100      0       0      18        0.0%
BANK7              100      0       0      19        0.0%
BITBIGSFRhhh        47      0       0      20        0.0%
BITBIGSFRhhlh        8      0       0      21        0.0%
BITBIGSFRhhll        1      0       0      22        0.0%
BITBIGSFRhlh         C      0       0      23        0.0%
BITBIGSFRhll         8      0       0      24        0.0%
BITBIGSFRlh         10      0       0      25        0.0%
BITBIGSFRll         23      0       0      26        0.0%
ABS                  0      0       0      27        0.0%
BIGRAM             7FF      0       0      28        0.0%
BIGSFR               0      0       0     200        0.0%
BITSFR               0      0       0     200        0.0%
SFR                  0      0       0     200        0.0%


Microchip Technology PIC18 Macro Assembler V2.45 build 20230818022343 
Symbol Table                                                                                   Tue Dec 19 20:12:56 2023

                     l21 082A                       l24 082C                       l27 083C  
                     u10 083A                       u11 0836                      l711 0818  
                    l713 081C                      l715 0820                      l723 0802  
                    l717 082C                      l725 0806                      l719 083A  
                    l727 080A                     _RCIF 7CF5                     _main 0802  
                   start 0000             ___param_bank 0000                    ?_main 0000  
                  _RCREG 0FAE                    _RCSTA 0FAB                    _SPBRG 0FAF  
                  _PORTD 0F83                    _TRISD 0F95                    _TXSTA 0FAC  
        __initialization 083E             __end_of_main 0818                   ??_main 0000  
          __activetblptr 0000         __end_of_readData 083E                   isa$std 0001  
       __end_of_uartInit 082C             __mediumconst 0000               __accesstop 0060  
__end_of__initialization 083E            ___rparam_used 0001           __pcstackCOMRAM 0000  
              ?_readData 0000                  __Hparam 0000                  __Lparam 0000  
              ?_uartInit 0000             __psmallconst 0800                  __pcinit 083E  
                __ramtop 0800                  __ptext0 0802                  __ptext1 0818  
                __ptext2 082C     end_of_initialization 083E               ??_readData 0000  
             ??_uartInit 0000                _TRISCbits 0F94              _BAUDCONbits 0FB8  
    start_initialization 083E              __smallconst 0800                 __Hrparam 0000  
               __Lrparam 0000                 _readData 082C                 _uartInit 0818  
               isa$xinst 0000  
