

Microchip MPLAB XC8 Assembler V2.45 build 20230818022343 
                                                                                               Fri Dec 22 02:30:11 2023

Microchip MPLAB XC8 C Compiler v2.45 (Free license) build 20230818022343 Og1 
     1                           	processor	18F4550
     2                           	fnconf	rparam,??,?,0
     3                           	pagewidth 120
     4                           	opt	flic
     5                           	psect	cinit,global,reloc=2,class=CODE,delta=1
     6                           	psect	bssCOMRAM,global,class=COMRAM,space=1,delta=1,lowdata,noexec
     7                           	psect	cstackCOMRAM,global,class=COMRAM,space=1,delta=1,lowdata,noexec
     8                           	psect	text0,global,reloc=2,class=CODE,delta=1
     9                           	psect	text1,global,reloc=2,class=CODE,delta=1
    10                           	psect	smallconst,global,reloc=2,class=SMALLCONST,delta=1,noexec
    11                           	psect	intsave_regs,global,class=BIGRAM,space=1,delta=1,noexec
    12                           	psect	rparam,global,class=COMRAM,space=1,delta=1,noexec
    13                           	psect	config,global,abs,ovrld,class=CONFIG,space=4,delta=1,noexec
    14   000000                     
    15                           ; Generated 23/03/2023 GMT
    16                           ; 
    17                           ; Copyright © 2023, Microchip Technology Inc. and its subsidiaries ("Microchip")
    18                           ; All rights reserved.
    19                           ; 
    20                           ; This software is developed by Microchip Technology Inc. and its subsidiaries ("Microch
      +                          ip").
    21                           ; 
    22                           ; Redistribution and use in source and binary forms, with or without modification, are
    23                           ; permitted provided that the following conditions are met:
    24                           ; 
    25                           ;     1. Redistributions of source code must retain the above copyright notice, this lis
      +                          t of
    26                           ;        conditions and the following disclaimer.
    27                           ; 
    28                           ;     2. Redistributions in binary form must reproduce the above copyright notice, this 
      +                          list
    29                           ;        of conditions and the following disclaimer in the documentation and/or other
    30                           ;        materials provided with the distribution. Publication is not required when
    31                           ;        this file is used in an embedded application.
    32                           ; 
    33                           ;     3. Microchip's name may not be used to endorse or promote products derived from th
      +                          is
    34                           ;        software without specific prior written permission.
    35                           ; 
    36                           ; THIS SOFTWARE IS PROVIDED BY MICROCHIP "AS IS" AND ANY EXPRESS OR IMPLIED WARRANTIES,
    37                           ; INCLUDING, BUT NOT LIMITED TO, THE IMPLIED WARRANTIES OF MERCHANTABILITY AND FITNESS F
      +                          OR
    38                           ; PURPOSE ARE DISCLAIMED.  IN NO EVENT SHALL MICROCHIP BE LIABLE FOR ANY DIRECT, INDIREC
      +                          T,
    39                           ; INCIDENTAL, SPECIAL, EXEMPLARY, OR CONSEQUENTIAL DAMAGES (INCLUDING BUT NOT LIMITED TO
    40                           ; PROCUREMENT OF SUBSTITUTE GOODS OR SERVICES; LOSS OF USE, DATA OR PROFITS; OR BUSINESS
    41                           ; INTERRUPTION) HOWSOEVER CAUSED AND ON ANY THEORY OF LIABILITY, WHETHER IN CONTRACT, ST
      +                          RICT
    42                           ; LIABILITY, OR TORT (INCLUDING NEGLIGENCE OR OTHERWISE) ARISING IN ANY WAY OUT OF THE U
      +                          SE OF
    43                           ; THIS SOFTWARE, EVEN IF ADVISED OF THE POSSIBILITY OF SUCH DAMAGE.
    44                           ; 
    45                           ; 
    46                           ; Code-generator required, PIC18F4550 Definitions
    47                           ; 
    48                           ; SFR Addresses
    49   000000                     _PORTBbits	set	3969
    50   000000                     _PORTDbits	set	3971
    51   000000                     _TRISBbits	set	3987
    52   000000                     _TRISDbits	set	3989
    53   000000                     _LATDbits	set	3980
    54                           
    55                           ; #config settings
    56                           
    57                           	psect	cinit
    58   00085C                     __pcinit:
    59                           	callstack 0
    60   00085C                     start_initialization:
    61                           	callstack 0
    62   00085C                     __initialization:
    63                           	callstack 0
    64                           
    65                           ; Clear objects allocated to COMRAM (1 bytes)
    66   00085C  6A03               	clrf	__pbssCOMRAM& (0+255),c
    67   00085E                     end_of_initialization:
    68                           	callstack 0
    69   00085E                     __end_of__initialization:
    70                           	callstack 0
    71   00085E  0100               	movlb	0
    72   000860  EF01  F004         	goto	_main	;jump to C main() function
    73                           
    74                           	psect	bssCOMRAM
    75   000003                     __pbssCOMRAM:
    76                           	callstack 0
    77   000003                     _led1Status:
    78                           	callstack 0
    79   000003                     	ds	1
    80                           
    81                           	psect	cstackCOMRAM
    82   000001                     __pcstackCOMRAM:
    83                           	callstack 0
    84   000001                     ??_main:
    85                           
    86                           ; 1 bytes @ 0x0
    87   000001                     	ds	2
    88                           
    89 ;;
    90 ;;Main: autosize = 0, tempsize = 2, incstack = 0, save=0
    91 ;;
    92 ;; *************** function _main *****************
    93 ;; Defined at:
    94 ;;		line 33 in file "main.c"
    95 ;; Parameters:    Size  Location     Type
    96 ;;		None
    97 ;; Auto vars:     Size  Location     Type
    98 ;;		None
    99 ;; Return value:  Size  Location     Type
   100 ;;                  1    wreg      void 
   101 ;; Registers used:
   102 ;;		wreg, status,2, status,0, cstack
   103 ;; Tracked objects:
   104 ;;		On entry : 0/0
   105 ;;		On exit  : 0/0
   106 ;;		Unchanged: 0/0
   107 ;; Data sizes:     COMRAM   BANK0   BANK1   BANK2   BANK3   BANK4   BANK5   BANK6   BANK7
   108 ;;      Params:         0       0       0       0       0       0       0       0       0
   109 ;;      Locals:         0       0       0       0       0       0       0       0       0
   110 ;;      Temps:          2       0       0       0       0       0       0       0       0
   111 ;;      Totals:         2       0       0       0       0       0       0       0       0
   112 ;;Total ram usage:        2 bytes
   113 ;; Hardware stack levels required when called: 1
   114 ;; This function calls:
   115 ;;		_pinConfig
   116 ;; This function is called by:
   117 ;;		Startup code after reset
   118 ;; This function uses a non-reentrant model
   119 ;;
   120                           
   121                           	psect	text0
   122   000802                     __ptext0:
   123                           	callstack 0
   124   000802                     _main:
   125                           	callstack 30
   126   000802  EC29  F004         	call	_pinConfig	;wreg free
   127   000806                     l706:
   128   000806  B881               	btfsc	129,4,c	;volatile
   129   000808  EF08  F004         	goto	u11
   130   00080C  EF0A  F004         	goto	u10
   131   000810                     u11:
   132   000810  EF03  F004         	goto	l706
   133   000814                     u10:
   134   000814  0E08               	movlw	8
   135   000816  6E02               	movwf	(??_main+1)^0,c
   136   000818  0E9D               	movlw	157
   137   00081A  6E01               	movwf	??_main^0,c
   138   00081C  0E06               	movlw	6
   139   00081E                     u37:
   140   00081E  2EE8               	decfsz	wreg,f,c
   141   000820  D7FE               	bra	u37
   142   000822  2E01               	decfsz	??_main^0,f,c
   143   000824  D7FC               	bra	u37
   144   000826  2E02               	decfsz	(??_main+1)^0,f,c
   145   000828  D7FA               	bra	u37
   146   00082A  B08C               	btfsc	140,0,c	;volatile
   147   00082C  EF1A  F004         	goto	u21
   148   000830  EF1D  F004         	goto	u20
   149   000834                     u21:
   150   000834  0E01               	movlw	1
   151   000836  EF1E  F004         	goto	u26
   152   00083A                     u20:
   153   00083A  0E00               	movlw	0
   154   00083C                     u26:
   155   00083C  0AFF               	xorlw	255
   156   00083E  6E01               	movwf	??_main^0,c
   157   000840  508C               	movf	140,w,c	;volatile
   158   000842  1801               	xorwf	??_main^0,w,c
   159   000844  0BFE               	andlw	-2
   160   000846  1801               	xorwf	??_main^0,w,c
   161   000848  6E8C               	movwf	140,c	;volatile
   162   00084A  EF03  F004         	goto	l706
   163   00084E  EF01  F000         	goto	start
   164   000852                     __end_of_main:
   165                           	callstack 0
   166                           
   167 ;; *************** function _pinConfig *****************
   168 ;; Defined at:
   169 ;;		line 25 in file "main.c"
   170 ;; Parameters:    Size  Location     Type
   171 ;;		None
   172 ;; Auto vars:     Size  Location     Type
   173 ;;		None
   174 ;; Return value:  Size  Location     Type
   175 ;;                  1    wreg      void 
   176 ;; Registers used:
   177 ;;		None
   178 ;; Tracked objects:
   179 ;;		On entry : 0/0
   180 ;;		On exit  : 0/0
   181 ;;		Unchanged: 0/0
   182 ;; Data sizes:     COMRAM   BANK0   BANK1   BANK2   BANK3   BANK4   BANK5   BANK6   BANK7
   183 ;;      Params:         0       0       0       0       0       0       0       0       0
   184 ;;      Locals:         0       0       0       0       0       0       0       0       0
   185 ;;      Temps:          0       0       0       0       0       0       0       0       0
   186 ;;      Totals:         0       0       0       0       0       0       0       0       0
   187 ;;Total ram usage:        0 bytes
   188 ;; Hardware stack levels used: 1
   189 ;; This function calls:
   190 ;;		Nothing
   191 ;; This function is called by:
   192 ;;		_main
   193 ;; This function uses a non-reentrant model
   194 ;;
   195                           
   196                           	psect	text1
   197   000852                     __ptext1:
   198                           	callstack 0
   199   000852                     _pinConfig:
   200                           	callstack 30
   201   000852  8893               	bsf	147,4,c	;volatile
   202   000854  9095               	bcf	149,0,c	;volatile
   203   000856  9083               	bcf	131,0,c	;volatile
   204   000858  908C               	bcf	140,0,c	;volatile
   205   00085A  0012               	return		;funcret
   206   00085C                     __end_of_pinConfig:
   207                           	callstack 0
   208                           
   209                           	psect	smallconst
   210   000800                     __psmallconst:
   211                           	callstack 0
   212   000800  00                 	db	0
   213   000801  00                 	db	0	; dummy byte at the end
   214   000000                     
   215                           	psect	rparam
   216   000000                     
   217                           	psect	config
   218                           
   219                           ;Config register CONFIG1L @ 0x300000
   220                           ;	unspecified, using default values
   221                           ;	PLL Prescaler Selection bits
   222                           ;	PLLDIV = 0x0, unprogrammed default
   223                           ;	System Clock Postscaler Selection bits
   224                           ;	CPUDIV = 0x0, unprogrammed default
   225                           ;	USB Clock Selection bit (used in Full-Speed USB mode only; UCFG:FSEN = 1)
   226                           ;	USBDIV = 0x0, unprogrammed default
   227   300000                     	org	3145728
   228   300000  00                 	db	0
   229                           
   230                           ;Config register CONFIG1H @ 0x300001
   231                           ;	Oscillator Selection bits
   232                           ;	FOSC = HS, HS oscillator (HS)
   233                           ;	Fail-Safe Clock Monitor Enable bit
   234                           ;	FCMEN = 0x0, unprogrammed default
   235                           ;	Internal/External Oscillator Switchover bit
   236                           ;	IESO = 0x0, unprogrammed default
   237   300001                     	org	3145729
   238   300001  0C                 	db	12
   239                           
   240                           ;Config register CONFIG2L @ 0x300002
   241                           ;	Power-up Timer Enable bit
   242                           ;	PWRT = ON, PWRT enabled
   243                           ;	Brown-out Reset Enable bits
   244                           ;	BOR = ON, Brown-out Reset enabled in hardware only (SBOREN is disabled)
   245                           ;	Brown-out Reset Voltage bits
   246                           ;	BORV = 0x3, unprogrammed default
   247                           ;	USB Voltage Regulator Enable bit
   248                           ;	VREGEN = 0x0, unprogrammed default
   249   300002                     	org	3145730
   250   300002  1E                 	db	30
   251                           
   252                           ;Config register CONFIG2H @ 0x300003
   253                           ;	Watchdog Timer Enable bit
   254                           ;	WDT = OFF, WDT disabled (control is placed on the SWDTEN bit)
   255                           ;	Watchdog Timer Postscale Select bits
   256                           ;	WDTPS = 0xF, unprogrammed default
   257   300003                     	org	3145731
   258   300003  1E                 	db	30
   259                           
   260                           ; Padding undefined space
   261   300004                     	org	3145732
   262   300004  FF                 	db	255
   263                           
   264                           ;Config register CONFIG3H @ 0x300005
   265                           ;	CCP2 MUX bit
   266                           ;	CCP2MX = 0x1, unprogrammed default
   267                           ;	PORTB A/D Enable bit
   268                           ;	PBADEN = OFF, PORTB<4:0> pins are configured as digital I/O on Reset
   269                           ;	Low-Power Timer 1 Oscillator Enable bit
   270                           ;	LPT1OSC = 0x0, unprogrammed default
   271                           ;	MCLR Pin Enable bit
   272                           ;	MCLRE = OFF, RE3 input pin enabled; MCLR pin disabled
   273   300005                     	org	3145733
   274   300005  01                 	db	1
   275                           tosu	equ	0xFFF
   276                           tosh	equ	0xFFE
   277                           tosl	equ	0xFFD
   278                           stkptr	equ	0xFFC
   279                           pclatu	equ	0xFFB
   280                           pclath	equ	0xFFA
   281                           pcl	equ	0xFF9
   282                           tblptru	equ	0xFF8
   283                           tblptrh	equ	0xFF7
   284                           tblptrl	equ	0xFF6
   285                           tablat	equ	0xFF5
   286                           prodh	equ	0xFF4
   287                           prodl	equ	0xFF3
   288                           indf0	equ	0xFEF
   289                           postinc0	equ	0xFEE
   290                           postdec0	equ	0xFED
   291                           preinc0	equ	0xFEC
   292                           plusw0	equ	0xFEB
   293                           fsr0h	equ	0xFEA
   294                           fsr0l	equ	0xFE9
   295                           wreg	equ	0xFE8
   296                           indf1	equ	0xFE7
   297                           postinc1	equ	0xFE6
   298                           postdec1	equ	0xFE5
   299                           preinc1	equ	0xFE4
   300                           plusw1	equ	0xFE3
   301                           fsr1h	equ	0xFE2
   302                           fsr1l	equ	0xFE1
   303                           bsr	equ	0xFE0
   304                           indf2	equ	0xFDF
   305                           postinc2	equ	0xFDE
   306                           postdec2	equ	0xFDD
   307                           preinc2	equ	0xFDC
   308                           plusw2	equ	0xFDB
   309                           fsr2h	equ	0xFDA
   310                           fsr2l	equ	0xFD9
   311                           status	equ	0xFD8

Data Sizes:
    Strings     0
    Constant    0
    Data        0
    BSS         1
    Persistent  0
    Stack       0

Auto Spaces:
    Space          Size  Autos    Used
    COMRAM           95      2       3
    BANK0           160      0       0
    BANK1           256      0       0
    BANK2           256      0       0
    BANK3           239      0       0
    BANK4           256      0       0
    BANK5           256      0       0
    BANK6           256      0       0
    BANK7           256      0       0

Pointer List with Targets:

    None.

Critical Paths under _main in COMRAM

    None.

Critical Paths under _main in BANK0

    None.

Critical Paths under _main in BANK1

    None.

Critical Paths under _main in BANK2

    None.

Critical Paths under _main in BANK3

    None.

Critical Paths under _main in BANK4

    None.

Critical Paths under _main in BANK5

    None.

Critical Paths under _main in BANK6

    None.

Critical Paths under _main in BANK7

    None.

Call Graph Tables:

 ---------------------------------------------------------------------------------
 (Depth) Function   	        Calls       Base Space   Used Autos Params    Refs
 ---------------------------------------------------------------------------------
 (0) _main                                                 2     2      0       0
                                              0 COMRAM     2     2      0
                          _pinConfig
 ---------------------------------------------------------------------------------
 (1) _pinConfig                                            0     0      0       0
 ---------------------------------------------------------------------------------
 Estimated maximum stack depth 1
 ---------------------------------------------------------------------------------

 Call Graph Graphs:

 _main (ROOT)
   _pinConfig

 Address spaces:
Name               Size   Autos  Total    Cost      Usage
BIGRAM_1           400      0       0      31        0.0%
BIGRAM             3EE      0       0      32        0.0%
EEDATA             100      0       0       0        0.0%
BITBANK7           100      0       0      17        0.0%
BANK7              100      0       0      18        0.0%
BITBANK6           100      0       0      15        0.0%
BANK6              100      0       0      16        0.0%
BITBANK5           100      0       0      13        0.0%
BANK5              100      0       0      14        0.0%
BITBANK4           100      0       0      11        0.0%
BANK4              100      0       0      12        0.0%
BITBANK2           100      0       0       7        0.0%
BANK2              100      0       0       8        0.0%
BITBANK1           100      0       0       5        0.0%
BANK1              100      0       0       6        0.0%
BITBANK3            EF      0       0       9        0.0%
BANK3               EF      0       0      10        0.0%
BITBANK0            A0      0       0       3        0.0%
BANK0               A0      0       0       4        0.0%
BITCOMRAM           5F      0       0       0        0.0%
COMRAM              5F      2       3       1        3.2%
BITBIGSFR_1         37      0       0      23        0.0%
BITBIGSFRlll        21      0       0      29        0.0%
BITBIGSFR_5          C      0       0      19        0.0%
BITBIGSFRlhl         8      0       0      27        0.0%
BITBIGSFRlhh         6      0       0      26        0.0%
BITBIGSFRhh          6      0       0      24        0.0%
BITBIGSFR_2          6      0       0      22        0.0%
BITBIGSFR_4          3      0       0      20        0.0%
BITBIGSFR_3          3      0       0      21        0.0%
BITBIGSFRllh         1      0       0      28        0.0%
BITBIGSFRhl          1      0       0      25        0.0%
BIGSFR_5             0      0       0     200        0.0%
BIGSFR_4             0      0       0     200        0.0%
BIGSFR_3             0      0       0     200        0.0%
BIGSFR_2             0      0       0     200        0.0%
BIGSFR_1             0      0       0     200        0.0%
BIGSFR               0      0       0     200        0.0%
BITSFR_5             0      0       0     200        0.0%
SFR_5                0      0       0     200        0.0%
BITSFR_4             0      0       0     200        0.0%
SFR_4                0      0       0     200        0.0%
BITSFR_3             0      0       0     200        0.0%
SFR_3                0      0       0     200        0.0%
BITSFR_2             0      0       0     200        0.0%
SFR_2                0      0       0     200        0.0%
BITSFR_1             0      0       0     200        0.0%
SFR_1                0      0       0     200        0.0%
BITSFR               0      0       0     200        0.0%
SFR                  0      0       0     200        0.0%
STACK                0      0       0       2        0.0%
NULL                 0      0       0       0        0.0%
ABS                  0      0       3      30        0.0%
DATA                 0      0       3      33        0.0%
CODE                 0      0       0       0        0.0%


Microchip Technology PIC18 Macro Assembler V2.45 build 20230818022343 
Symbol Table                                                                                   Fri Dec 22 02:30:11 2023

                     l17 085A                       u10 0814                       u11 0810  
                     u20 083A                       u21 0834                       u26 083C  
                     u37 081E                      l702 0852                      l710 082A  
                    l704 0802                      l706 0806                      l708 0814  
                    wreg 0FE8                     _main 0802                     start 0002  
           ___param_bank 0000                    ?_main 0001          __initialization 085C  
           __end_of_main 0852                   ??_main 0001            __activetblptr 0000  
                 isa$std 0001             __mediumconst 0000               __accesstop 0060  
__end_of__initialization 085E            ___rparam_used 0001           __pcstackCOMRAM 0001  
             _led1Status 0003                  __Hparam 0000                  __Lparam 0000  
           __psmallconst 0800                  __pcinit 085C                  __ramtop 0800  
                __ptext0 0802                  __ptext1 0852        __end_of_pinConfig 085C  
   end_of_initialization 085E                _PORTBbits 0F81                _PORTDbits 0F83  
              _TRISBbits 0F93                _TRISDbits 0F95      start_initialization 085C  
            __pbssCOMRAM 0003              __smallconst 0800                _pinConfig 0852  
               _LATDbits 0F8C               ?_pinConfig 0001                 __Hrparam 0000  
               __Lrparam 0000                 isa$xinst 0000              ??_pinConfig 0001  
