

Microchip MPLAB XC8 Assembler V2.45 build 20230818022343 
                                                                                               Thu Dec 21 23:22:31 2023

Microchip MPLAB XC8 C Compiler v2.45 (Free license) build 20230818022343 Og1 
     1                           	processor	18F4550
     2                           	fnconf	rparam,??,?,0
     3                           	pagewidth 120
     4                           	opt	flic
     5                           	psect	cinit,global,reloc=2,class=CODE,delta=1
     6                           	psect	cstackCOMRAM,global,class=COMRAM,space=1,delta=1,lowdata,noexec
     7                           	psect	text0,global,reloc=2,class=CODE,delta=1
     8                           	psect	text1,global,reloc=2,class=CODE,delta=1
     9                           	psect	smallconst,global,reloc=2,class=SMALLCONST,delta=1,noexec
    10                           	psect	intsave_regs,global,class=BIGRAM,space=1,delta=1,noexec
    11                           	psect	rparam,global,class=COMRAM,space=1,delta=1,noexec
    12                           	psect	config,global,abs,ovrld,class=CONFIG,space=4,delta=1,noexec
    13   000000                     
    14                           ; Generated 23/03/2023 GMT
    15                           ; 
    16                           ; Copyright © 2023, Microchip Technology Inc. and its subsidiaries ("Microchip")
    17                           ; All rights reserved.
    18                           ; 
    19                           ; This software is developed by Microchip Technology Inc. and its subsidiaries ("Microch
      +                          ip").
    20                           ; 
    21                           ; Redistribution and use in source and binary forms, with or without modification, are
    22                           ; permitted provided that the following conditions are met:
    23                           ; 
    24                           ;     1. Redistributions of source code must retain the above copyright notice, this lis
      +                          t of
    25                           ;        conditions and the following disclaimer.
    26                           ; 
    27                           ;     2. Redistributions in binary form must reproduce the above copyright notice, this 
      +                          list
    28                           ;        of conditions and the following disclaimer in the documentation and/or other
    29                           ;        materials provided with the distribution. Publication is not required when
    30                           ;        this file is used in an embedded application.
    31                           ; 
    32                           ;     3. Microchip's name may not be used to endorse or promote products derived from th
      +                          is
    33                           ;        software without specific prior written permission.
    34                           ; 
    35                           ; THIS SOFTWARE IS PROVIDED BY MICROCHIP "AS IS" AND ANY EXPRESS OR IMPLIED WARRANTIES,
    36                           ; INCLUDING, BUT NOT LIMITED TO, THE IMPLIED WARRANTIES OF MERCHANTABILITY AND FITNESS F
      +                          OR
    37                           ; PURPOSE ARE DISCLAIMED.  IN NO EVENT SHALL MICROCHIP BE LIABLE FOR ANY DIRECT, INDIREC
      +                          T,
    38                           ; INCIDENTAL, SPECIAL, EXEMPLARY, OR CONSEQUENTIAL DAMAGES (INCLUDING BUT NOT LIMITED TO
    39                           ; PROCUREMENT OF SUBSTITUTE GOODS OR SERVICES; LOSS OF USE, DATA OR PROFITS; OR BUSINESS
    40                           ; INTERRUPTION) HOWSOEVER CAUSED AND ON ANY THEORY OF LIABILITY, WHETHER IN CONTRACT, ST
      +                          RICT
    41                           ; LIABILITY, OR TORT (INCLUDING NEGLIGENCE OR OTHERWISE) ARISING IN ANY WAY OUT OF THE U
      +                          SE OF
    42                           ; THIS SOFTWARE, EVEN IF ADVISED OF THE POSSIBILITY OF SUCH DAMAGE.
    43                           ; 
    44                           ; 
    45                           ; Code-generator required, PIC18F4550 Definitions
    46                           ; 
    47                           ; SFR Addresses
    48   000000                     _LATDbits	set	3980
    49   000000                     _LATD	set	3980
    50   000000                     _TRISD	set	3989
    51                           
    52                           ; #config settings
    53                           
    54                           	psect	cinit
    55   00084C                     __pcinit:
    56                           	callstack 0
    57   00084C                     start_initialization:
    58                           	callstack 0
    59   00084C                     __initialization:
    60                           	callstack 0
    61   00084C                     end_of_initialization:
    62                           	callstack 0
    63   00084C                     __end_of__initialization:
    64                           	callstack 0
    65   00084C  0100               	movlb	0
    66   00084E  EF01  F004         	goto	_main	;jump to C main() function
    67                           
    68                           	psect	cstackCOMRAM
    69   000001                     __pcstackCOMRAM:
    70                           	callstack 0
    71   000001                     ??_main:
    72                           
    73                           ; 1 bytes @ 0x0
    74   000001                     	ds	2
    75                           
    76 ;;
    77 ;;Main: autosize = 0, tempsize = 2, incstack = 0, save=0
    78 ;;
    79 ;; *************** function _main *****************
    80 ;; Defined at:
    81 ;;		line 27 in file "main.c"
    82 ;; Parameters:    Size  Location     Type
    83 ;;		None
    84 ;; Auto vars:     Size  Location     Type
    85 ;;		None
    86 ;; Return value:  Size  Location     Type
    87 ;;                  1    wreg      void 
    88 ;; Registers used:
    89 ;;		wreg, status,2, cstack
    90 ;; Tracked objects:
    91 ;;		On entry : 0/0
    92 ;;		On exit  : 0/0
    93 ;;		Unchanged: 0/0
    94 ;; Data sizes:     COMRAM   BANK0   BANK1   BANK2   BANK3   BANK4   BANK5   BANK6   BANK7
    95 ;;      Params:         0       0       0       0       0       0       0       0       0
    96 ;;      Locals:         0       0       0       0       0       0       0       0       0
    97 ;;      Temps:          2       0       0       0       0       0       0       0       0
    98 ;;      Totals:         2       0       0       0       0       0       0       0       0
    99 ;;Total ram usage:        2 bytes
   100 ;; Hardware stack levels required when called: 1
   101 ;; This function calls:
   102 ;;		_pinConfig
   103 ;; This function is called by:
   104 ;;		Startup code after reset
   105 ;; This function uses a non-reentrant model
   106 ;;
   107                           
   108                           	psect	text0
   109   000802                     __ptext0:
   110                           	callstack 0
   111   000802                     _main:
   112                           	callstack 30
   113   000802  EC21  F004         	call	_pinConfig	;wreg free
   114   000806                     l699:
   115   000806  808C               	bsf	140,0,c	;volatile
   116   000808  0E0D               	movlw	13
   117   00080A  6E02               	movwf	(??_main+1)^0,c
   118   00080C  0EAF               	movlw	175
   119   00080E  6E01               	movwf	??_main^0,c
   120   000810  0EB6               	movlw	182
   121   000812                     u17:
   122   000812  2EE8               	decfsz	wreg,f,c
   123   000814  D7FE               	bra	u17
   124   000816  2E01               	decfsz	??_main^0,f,c
   125   000818  D7FC               	bra	u17
   126   00081A  2E02               	decfsz	(??_main+1)^0,f,c
   127   00081C  D7FA               	bra	u17
   128   00081E  D000               	nop2	
   129   000820  908C               	bcf	140,0,c	;volatile
   130   000822  0E0D               	movlw	13
   131   000824  6E02               	movwf	(??_main+1)^0,c
   132   000826  0EAF               	movlw	175
   133   000828  6E01               	movwf	??_main^0,c
   134   00082A  0EB6               	movlw	182
   135   00082C                     u27:
   136   00082C  2EE8               	decfsz	wreg,f,c
   137   00082E  D7FE               	bra	u27
   138   000830  2E01               	decfsz	??_main^0,f,c
   139   000832  D7FC               	bra	u27
   140   000834  2E02               	decfsz	(??_main+1)^0,f,c
   141   000836  D7FA               	bra	u27
   142   000838  D000               	nop2	
   143   00083A  EF03  F004         	goto	l699
   144   00083E  EF00  F000         	goto	start
   145   000842                     __end_of_main:
   146                           	callstack 0
   147                           
   148 ;; *************** function _pinConfig *****************
   149 ;; Defined at:
   150 ;;		line 21 in file "main.c"
   151 ;; Parameters:    Size  Location     Type
   152 ;;		None
   153 ;; Auto vars:     Size  Location     Type
   154 ;;		None
   155 ;; Return value:  Size  Location     Type
   156 ;;                  1    wreg      void 
   157 ;; Registers used:
   158 ;;		wreg, status,2
   159 ;; Tracked objects:
   160 ;;		On entry : 0/0
   161 ;;		On exit  : 0/0
   162 ;;		Unchanged: 0/0
   163 ;; Data sizes:     COMRAM   BANK0   BANK1   BANK2   BANK3   BANK4   BANK5   BANK6   BANK7
   164 ;;      Params:         0       0       0       0       0       0       0       0       0
   165 ;;      Locals:         0       0       0       0       0       0       0       0       0
   166 ;;      Temps:          0       0       0       0       0       0       0       0       0
   167 ;;      Totals:         0       0       0       0       0       0       0       0       0
   168 ;;Total ram usage:        0 bytes
   169 ;; Hardware stack levels used: 1
   170 ;; This function calls:
   171 ;;		Nothing
   172 ;; This function is called by:
   173 ;;		_main
   174 ;; This function uses a non-reentrant model
   175 ;;
   176                           
   177                           	psect	text1
   178   000842                     __ptext1:
   179                           	callstack 0
   180   000842                     _pinConfig:
   181                           	callstack 30
   182   000842  0E00               	movlw	0
   183   000844  6E95               	movwf	149,c	;volatile
   184   000846  0E00               	movlw	0
   185   000848  6E8C               	movwf	140,c	;volatile
   186   00084A  0012               	return		;funcret
   187   00084C                     __end_of_pinConfig:
   188                           	callstack 0
   189                           
   190                           	psect	smallconst
   191   000800                     __psmallconst:
   192                           	callstack 0
   193   000800  00                 	db	0
   194   000801  00                 	db	0	; dummy byte at the end
   195   000000                     
   196                           	psect	rparam
   197   000000                     
   198                           	psect	config
   199                           
   200                           ;Config register CONFIG1L @ 0x300000
   201                           ;	unspecified, using default values
   202                           ;	PLL Prescaler Selection bits
   203                           ;	PLLDIV = 0x0, unprogrammed default
   204                           ;	System Clock Postscaler Selection bits
   205                           ;	CPUDIV = 0x0, unprogrammed default
   206                           ;	USB Clock Selection bit (used in Full-Speed USB mode only; UCFG:FSEN = 1)
   207                           ;	USBDIV = 0x0, unprogrammed default
   208   300000                     	org	3145728
   209   300000  00                 	db	0
   210                           
   211                           ;Config register CONFIG1H @ 0x300001
   212                           ;	Oscillator Selection bits
   213                           ;	FOSC = HS, HS oscillator (HS)
   214                           ;	Fail-Safe Clock Monitor Enable bit
   215                           ;	FCMEN = 0x0, unprogrammed default
   216                           ;	Internal/External Oscillator Switchover bit
   217                           ;	IESO = 0x0, unprogrammed default
   218   300001                     	org	3145729
   219   300001  0C                 	db	12
   220                           
   221                           ;Config register CONFIG2L @ 0x300002
   222                           ;	Power-up Timer Enable bit
   223                           ;	PWRT = ON, PWRT enabled
   224                           ;	Brown-out Reset Enable bits
   225                           ;	BOR = ON, Brown-out Reset enabled in hardware only (SBOREN is disabled)
   226                           ;	Brown-out Reset Voltage bits
   227                           ;	BORV = 0x3, unprogrammed default
   228                           ;	USB Voltage Regulator Enable bit
   229                           ;	VREGEN = 0x0, unprogrammed default
   230   300002                     	org	3145730
   231   300002  1E                 	db	30
   232                           
   233                           ;Config register CONFIG2H @ 0x300003
   234                           ;	Watchdog Timer Enable bit
   235                           ;	WDT = OFF, WDT disabled (control is placed on the SWDTEN bit)
   236                           ;	Watchdog Timer Postscale Select bits
   237                           ;	WDTPS = 0xF, unprogrammed default
   238   300003                     	org	3145731
   239   300003  1E                 	db	30
   240                           
   241                           ; Padding undefined space
   242   300004                     	org	3145732
   243   300004  FF                 	db	255
   244                           
   245                           ;Config register CONFIG3H @ 0x300005
   246                           ;	CCP2 MUX bit
   247                           ;	CCP2MX = 0x1, unprogrammed default
   248                           ;	PORTB A/D Enable bit
   249                           ;	PBADEN = OFF, PORTB<4:0> pins are configured as digital I/O on Reset
   250                           ;	Low-Power Timer 1 Oscillator Enable bit
   251                           ;	LPT1OSC = 0x0, unprogrammed default
   252                           ;	MCLR Pin Enable bit
   253                           ;	MCLRE = OFF, RE3 input pin enabled; MCLR pin disabled
   254   300005                     	org	3145733
   255   300005  01                 	db	1
   256                           tosu	equ	0xFFF
   257                           tosh	equ	0xFFE
   258                           tosl	equ	0xFFD
   259                           stkptr	equ	0xFFC
   260                           pclatu	equ	0xFFB
   261                           pclath	equ	0xFFA
   262                           pcl	equ	0xFF9
   263                           tblptru	equ	0xFF8
   264                           tblptrh	equ	0xFF7
   265                           tblptrl	equ	0xFF6
   266                           tablat	equ	0xFF5
   267                           prodh	equ	0xFF4
   268                           prodl	equ	0xFF3
   269                           indf0	equ	0xFEF
   270                           postinc0	equ	0xFEE
   271                           postdec0	equ	0xFED
   272                           preinc0	equ	0xFEC
   273                           plusw0	equ	0xFEB
   274                           fsr0h	equ	0xFEA
   275                           fsr0l	equ	0xFE9
   276                           wreg	equ	0xFE8
   277                           indf1	equ	0xFE7
   278                           postinc1	equ	0xFE6
   279                           postdec1	equ	0xFE5
   280                           preinc1	equ	0xFE4
   281                           plusw1	equ	0xFE3
   282                           fsr1h	equ	0xFE2
   283                           fsr1l	equ	0xFE1
   284                           bsr	equ	0xFE0
   285                           indf2	equ	0xFDF
   286                           postinc2	equ	0xFDE
   287                           postdec2	equ	0xFDD
   288                           preinc2	equ	0xFDC
   289                           plusw2	equ	0xFDB
   290                           fsr2h	equ	0xFDA
   291                           fsr2l	equ	0xFD9
   292                           status	equ	0xFD8

Data Sizes:
    Strings     0
    Constant    0
    Data        0
    BSS         0
    Persistent  0
    Stack       0

Auto Spaces:
    Space          Size  Autos    Used
    COMRAM           95      2       2
    BANK0           160      0       0
    BANK1           256      0       0
    BANK2           256      0       0
    BANK3           256      0       0
    BANK4           256      0       0
    BANK5           256      0       0
    BANK6           256      0       0
    BANK7           256      0       0

Pointer List with Targets:

    None.

Critical Paths under _main in COMRAM

    None.

Critical Paths under _main in BANK0

    None.

Critical Paths under _main in BANK1

    None.

Critical Paths under _main in BANK2

    None.

Critical Paths under _main in BANK3

    None.

Critical Paths under _main in BANK4

    None.

Critical Paths under _main in BANK5

    None.

Critical Paths under _main in BANK6

    None.

Critical Paths under _main in BANK7

    None.

Call Graph Tables:

 ---------------------------------------------------------------------------------
 (Depth) Function   	        Calls       Base Space   Used Autos Params    Refs
 ---------------------------------------------------------------------------------
 (0) _main                                                 2     2      0       0
                                              0 COMRAM     2     2      0
                          _pinConfig
 ---------------------------------------------------------------------------------
 (1) _pinConfig                                            0     0      0       0
 ---------------------------------------------------------------------------------
 Estimated maximum stack depth 1
 ---------------------------------------------------------------------------------

 Call Graph Graphs:

 _main (ROOT)
   _pinConfig

 Address spaces:
Name               Size   Autos  Total    Cost      Usage
BITCOMRAM           5F      0       0       0        0.0%
EEDATA             100      0       0       0        0.0%
NULL                 0      0       0       0        0.0%
CODE                 0      0       0       0        0.0%
COMRAM              5F      2       2       1        2.1%
STACK                0      0       0       2        0.0%
DATA                 0      0       0       3        0.0%
BITBANK0            A0      0       0       4        0.0%
BANK0               A0      0       0       5        0.0%
BITBANK1           100      0       0       6        0.0%
BANK1              100      0       0       7        0.0%
BITBANK2           100      0       0       8        0.0%
BANK2              100      0       0       9        0.0%
BITBANK3           100      0       0      10        0.0%
BANK3              100      0       0      11        0.0%
BITBANK4           100      0       0      12        0.0%
BANK4              100      0       0      13        0.0%
BITBANK5           100      0       0      14        0.0%
BANK5              100      0       0      15        0.0%
BITBANK6           100      0       0      16        0.0%
BANK6              100      0       0      17        0.0%
ABS                  0      0       0      18        0.0%
BITBANK7           100      0       0      19        0.0%
BANK7              100      0       0      20        0.0%
BITBIGSFRh          6A      0       0      21        0.0%
BITBIGSFRlh          8      0       0      22        0.0%
BITBIGSFRll         2C      0       0      23        0.0%
BIGRAM             7FF      0       0      24        0.0%
BIGSFR               0      0       0     200        0.0%
BITSFR               0      0       0     200        0.0%
SFR                  0      0       0     200        0.0%


Microchip Technology PIC18 Macro Assembler V2.45 build 20230818022343 
Symbol Table                                                                                   Thu Dec 21 23:22:31 2023

                     l11 084A                       u17 0812                       u27 082C  
                    l701 0808                      l703 0820                      l705 0822  
                    l695 0842                      l697 0802                      l699 0806  
                    wreg 0FE8                     _LATD 0F8C                     _main 0802  
                   start 0000             ___param_bank 0000                    ?_main 0001  
                  _TRISD 0F95          __initialization 084C             __end_of_main 0842  
                 ??_main 0001            __activetblptr 0000                   isa$std 0001  
           __mediumconst 0000               __accesstop 0060  __end_of__initialization 084C  
          ___rparam_used 0001           __pcstackCOMRAM 0001                  __Hparam 0000  
                __Lparam 0000             __psmallconst 0800                  __pcinit 084C  
                __ramtop 0800                  __ptext0 0802                  __ptext1 0842  
      __end_of_pinConfig 084C     end_of_initialization 084C      start_initialization 084C  
            __smallconst 0800                _pinConfig 0842                 _LATDbits 0F8C  
             ?_pinConfig 0001                 __Hrparam 0000                 __Lrparam 0000  
               isa$xinst 0000              ??_pinConfig 0001  
