

Microchip MPLAB XC8 Assembler V2.45 build 20230818022343 
                                                                                               Fri Dec 22 00:03:09 2023

Microchip MPLAB XC8 C Compiler v2.45 (Free license) build 20230818022343 Og1 
     1                           	processor	18F4550
     2                           	fnconf	rparam,??,?,0
     3                           	pagewidth 120
     4                           	opt	flic
     5                           	psect	cinit,global,reloc=2,class=CODE,delta=1
     6                           	psect	cstackCOMRAM,global,class=COMRAM,space=1,delta=1,lowdata,noexec
     7                           	psect	text0,global,reloc=2,class=CODE,delta=1
     8                           	psect	text1,global,reloc=2,class=CODE,delta=1
     9                           	psect	smallconst,global,reloc=2,class=SMALLCONST,delta=1,noexec
    10                           	psect	intsave_regs,global,class=BIGRAM,space=1,delta=1,noexec
    11                           	psect	rparam,global,class=COMRAM,space=1,delta=1,noexec
    12                           	psect	config,global,abs,ovrld,class=CONFIG,space=4,delta=1,noexec
    13   000000                     
    14                           ; Generated 23/03/2023 GMT
    15                           ; 
    16                           ; Copyright © 2023, Microchip Technology Inc. and its subsidiaries ("Microchip")
    17                           ; All rights reserved.
    18                           ; 
    19                           ; This software is developed by Microchip Technology Inc. and its subsidiaries ("Microch
      +                          ip").
    20                           ; 
    21                           ; Redistribution and use in source and binary forms, with or without modification, are
    22                           ; permitted provided that the following conditions are met:
    23                           ; 
    24                           ;     1. Redistributions of source code must retain the above copyright notice, this lis
      +                          t of
    25                           ;        conditions and the following disclaimer.
    26                           ; 
    27                           ;     2. Redistributions in binary form must reproduce the above copyright notice, this 
      +                          list
    28                           ;        of conditions and the following disclaimer in the documentation and/or other
    29                           ;        materials provided with the distribution. Publication is not required when
    30                           ;        this file is used in an embedded application.
    31                           ; 
    32                           ;     3. Microchip's name may not be used to endorse or promote products derived from th
      +                          is
    33                           ;        software without specific prior written permission.
    34                           ; 
    35                           ; THIS SOFTWARE IS PROVIDED BY MICROCHIP "AS IS" AND ANY EXPRESS OR IMPLIED WARRANTIES,
    36                           ; INCLUDING, BUT NOT LIMITED TO, THE IMPLIED WARRANTIES OF MERCHANTABILITY AND FITNESS F
      +                          OR
    37                           ; PURPOSE ARE DISCLAIMED.  IN NO EVENT SHALL MICROCHIP BE LIABLE FOR ANY DIRECT, INDIREC
      +                          T,
    38                           ; INCIDENTAL, SPECIAL, EXEMPLARY, OR CONSEQUENTIAL DAMAGES (INCLUDING BUT NOT LIMITED TO
    39                           ; PROCUREMENT OF SUBSTITUTE GOODS OR SERVICES; LOSS OF USE, DATA OR PROFITS; OR BUSINESS
    40                           ; INTERRUPTION) HOWSOEVER CAUSED AND ON ANY THEORY OF LIABILITY, WHETHER IN CONTRACT, ST
      +                          RICT
    41                           ; LIABILITY, OR TORT (INCLUDING NEGLIGENCE OR OTHERWISE) ARISING IN ANY WAY OUT OF THE U
      +                          SE OF
    42                           ; THIS SOFTWARE, EVEN IF ADVISED OF THE POSSIBILITY OF SUCH DAMAGE.
    43                           ; 
    44                           ; 
    45                           ; Code-generator required, PIC18F4550 Definitions
    46                           ; 
    47                           ; SFR Addresses
    48   000000                     _LATBbits	set	3978
    49   000000                     _LATDbits	set	3980
    50   000000                     _TRISBbits	set	3987
    51   000000                     _TRISDbits	set	3989
    52                           
    53                           ; #config settings
    54                           
    55                           	psect	cinit
    56   000818                     __pcinit:
    57                           	callstack 0
    58   000818                     start_initialization:
    59                           	callstack 0
    60   000818                     __initialization:
    61                           	callstack 0
    62   000818                     end_of_initialization:
    63                           	callstack 0
    64   000818                     __end_of__initialization:
    65                           	callstack 0
    66   000818  0100               	movlb	0
    67   00081A  EF01  F004         	goto	_main	;jump to C main() function
    68                           
    69                           	psect	cstackCOMRAM
    70   000000                     __pcstackCOMRAM:
    71                           	callstack 0
    72   000000                     
    73                           ; 1 bytes @ 0x0
    74 ;;
    75 ;;Main: autosize = 0, tempsize = 0, incstack = 0, save=0
    76 ;;
    77 ;; *************** function _main *****************
    78 ;; Defined at:
    79 ;;		line 28 in file "main.c"
    80 ;; Parameters:    Size  Location     Type
    81 ;;		None
    82 ;; Auto vars:     Size  Location     Type
    83 ;;		None
    84 ;; Return value:  Size  Location     Type
    85 ;;                  1    wreg      void 
    86 ;; Registers used:
    87 ;;		cstack
    88 ;; Tracked objects:
    89 ;;		On entry : 0/0
    90 ;;		On exit  : 0/0
    91 ;;		Unchanged: 0/0
    92 ;; Data sizes:     COMRAM   BANK0   BANK1   BANK2   BANK3   BANK4   BANK5   BANK6   BANK7
    93 ;;      Params:         0       0       0       0       0       0       0       0       0
    94 ;;      Locals:         0       0       0       0       0       0       0       0       0
    95 ;;      Temps:          0       0       0       0       0       0       0       0       0
    96 ;;      Totals:         0       0       0       0       0       0       0       0       0
    97 ;;Total ram usage:        0 bytes
    98 ;; Hardware stack levels required when called: 1
    99 ;; This function calls:
   100 ;;		_pinConfig
   101 ;; This function is called by:
   102 ;;		Startup code after reset
   103 ;; This function uses a non-reentrant model
   104 ;;
   105                           
   106                           	psect	text0
   107   000802                     __ptext0:
   108                           	callstack 0
   109   000802                     _main:
   110                           	callstack 30
   111   000802  EC0F  F004         	call	_pinConfig	;wreg free
   112   000806                     l699:
   113   000806  A88A               	btfss	138,4,c	;volatile
   114   000808  D002               	bra	u15
   115   00080A  808C               	bsf	140,0,c	;volatile
   116   00080C  D001               	bra	u17
   117   00080E                     u15:
   118   00080E  908C               	bcf	140,0,c	;volatile
   119   000810                     u17:
   120   000810  EF03  F004         	goto	l699
   121   000814  EF00  F000         	goto	start
   122   000818                     __end_of_main:
   123                           	callstack 0
   124                           
   125 ;; *************** function _pinConfig *****************
   126 ;; Defined at:
   127 ;;		line 22 in file "main.c"
   128 ;; Parameters:    Size  Location     Type
   129 ;;		None
   130 ;; Auto vars:     Size  Location     Type
   131 ;;		None
   132 ;; Return value:  Size  Location     Type
   133 ;;                  1    wreg      void 
   134 ;; Registers used:
   135 ;;		None
   136 ;; Tracked objects:
   137 ;;		On entry : 0/0
   138 ;;		On exit  : 0/0
   139 ;;		Unchanged: 0/0
   140 ;; Data sizes:     COMRAM   BANK0   BANK1   BANK2   BANK3   BANK4   BANK5   BANK6   BANK7
   141 ;;      Params:         0       0       0       0       0       0       0       0       0
   142 ;;      Locals:         0       0       0       0       0       0       0       0       0
   143 ;;      Temps:          0       0       0       0       0       0       0       0       0
   144 ;;      Totals:         0       0       0       0       0       0       0       0       0
   145 ;;Total ram usage:        0 bytes
   146 ;; Hardware stack levels used: 1
   147 ;; This function calls:
   148 ;;		Nothing
   149 ;; This function is called by:
   150 ;;		_main
   151 ;; This function uses a non-reentrant model
   152 ;;
   153                           
   154                           	psect	text1
   155   00081E                     __ptext1:
   156                           	callstack 0
   157   00081E                     _pinConfig:
   158                           	callstack 30
   159   00081E  8893               	bsf	147,4,c	;volatile
   160   000820  9095               	bcf	149,0,c	;volatile
   161   000822  0012               	return		;funcret
   162   000824                     __end_of_pinConfig:
   163                           	callstack 0
   164                           
   165                           	psect	smallconst
   166   000800                     __psmallconst:
   167                           	callstack 0
   168   000800  00                 	db	0
   169   000801  00                 	db	0	; dummy byte at the end
   170   000000                     
   171                           	psect	rparam
   172   000000                     
   173                           	psect	config
   174                           
   175                           ;Config register CONFIG1L @ 0x300000
   176                           ;	unspecified, using default values
   177                           ;	PLL Prescaler Selection bits
   178                           ;	PLLDIV = 0x0, unprogrammed default
   179                           ;	System Clock Postscaler Selection bits
   180                           ;	CPUDIV = 0x0, unprogrammed default
   181                           ;	USB Clock Selection bit (used in Full-Speed USB mode only; UCFG:FSEN = 1)
   182                           ;	USBDIV = 0x0, unprogrammed default
   183   300000                     	org	3145728
   184   300000  00                 	db	0
   185                           
   186                           ;Config register CONFIG1H @ 0x300001
   187                           ;	Oscillator Selection bits
   188                           ;	FOSC = HS, HS oscillator (HS)
   189                           ;	Fail-Safe Clock Monitor Enable bit
   190                           ;	FCMEN = 0x0, unprogrammed default
   191                           ;	Internal/External Oscillator Switchover bit
   192                           ;	IESO = 0x0, unprogrammed default
   193   300001                     	org	3145729
   194   300001  0C                 	db	12
   195                           
   196                           ;Config register CONFIG2L @ 0x300002
   197                           ;	Power-up Timer Enable bit
   198                           ;	PWRT = ON, PWRT enabled
   199                           ;	Brown-out Reset Enable bits
   200                           ;	BOR = ON, Brown-out Reset enabled in hardware only (SBOREN is disabled)
   201                           ;	Brown-out Reset Voltage bits
   202                           ;	BORV = 0x3, unprogrammed default
   203                           ;	USB Voltage Regulator Enable bit
   204                           ;	VREGEN = 0x0, unprogrammed default
   205   300002                     	org	3145730
   206   300002  1E                 	db	30
   207                           
   208                           ;Config register CONFIG2H @ 0x300003
   209                           ;	Watchdog Timer Enable bit
   210                           ;	WDT = OFF, WDT disabled (control is placed on the SWDTEN bit)
   211                           ;	Watchdog Timer Postscale Select bits
   212                           ;	WDTPS = 0xF, unprogrammed default
   213   300003                     	org	3145731
   214   300003  1E                 	db	30
   215                           
   216                           ; Padding undefined space
   217   300004                     	org	3145732
   218   300004  FF                 	db	255
   219                           
   220                           ;Config register CONFIG3H @ 0x300005
   221                           ;	CCP2 MUX bit
   222                           ;	CCP2MX = 0x1, unprogrammed default
   223                           ;	PORTB A/D Enable bit
   224                           ;	PBADEN = OFF, PORTB<4:0> pins are configured as digital I/O on Reset
   225                           ;	Low-Power Timer 1 Oscillator Enable bit
   226                           ;	LPT1OSC = 0x0, unprogrammed default
   227                           ;	MCLR Pin Enable bit
   228                           ;	MCLRE = OFF, RE3 input pin enabled; MCLR pin disabled
   229   300005                     	org	3145733
   230   300005  01                 	db	1
   231                           tosu	equ	0xFFF
   232                           tosh	equ	0xFFE
   233                           tosl	equ	0xFFD
   234                           stkptr	equ	0xFFC
   235                           pclatu	equ	0xFFB
   236                           pclath	equ	0xFFA
   237                           pcl	equ	0xFF9
   238                           tblptru	equ	0xFF8
   239                           tblptrh	equ	0xFF7
   240                           tblptrl	equ	0xFF6
   241                           tablat	equ	0xFF5
   242                           prodh	equ	0xFF4
   243                           prodl	equ	0xFF3
   244                           indf0	equ	0xFEF
   245                           postinc0	equ	0xFEE
   246                           postdec0	equ	0xFED
   247                           preinc0	equ	0xFEC
   248                           plusw0	equ	0xFEB
   249                           fsr0h	equ	0xFEA
   250                           fsr0l	equ	0xFE9
   251                           wreg	equ	0xFE8
   252                           indf1	equ	0xFE7
   253                           postinc1	equ	0xFE6
   254                           postdec1	equ	0xFE5
   255                           preinc1	equ	0xFE4
   256                           plusw1	equ	0xFE3
   257                           fsr1h	equ	0xFE2
   258                           fsr1l	equ	0xFE1
   259                           bsr	equ	0xFE0
   260                           indf2	equ	0xFDF
   261                           postinc2	equ	0xFDE
   262                           postdec2	equ	0xFDD
   263                           preinc2	equ	0xFDC
   264                           plusw2	equ	0xFDB
   265                           fsr2h	equ	0xFDA
   266                           fsr2l	equ	0xFD9
   267                           status	equ	0xFD8

Data Sizes:
    Strings     0
    Constant    0
    Data        0
    BSS         0
    Persistent  0
    Stack       0

Auto Spaces:
    Space          Size  Autos    Used
    COMRAM           95      0       0
    BANK0           160      0       0
    BANK1           256      0       0
    BANK2           256      0       0
    BANK3           256      0       0
    BANK4           256      0       0
    BANK5           256      0       0
    BANK6           256      0       0
    BANK7           256      0       0

Pointer List with Targets:

    None.

Critical Paths under _main in COMRAM

    None.

Critical Paths under _main in BANK0

    None.

Critical Paths under _main in BANK1

    None.

Critical Paths under _main in BANK2

    None.

Critical Paths under _main in BANK3

    None.

Critical Paths under _main in BANK4

    None.

Critical Paths under _main in BANK5

    None.

Critical Paths under _main in BANK6

    None.

Critical Paths under _main in BANK7

    None.

Call Graph Tables:

 ---------------------------------------------------------------------------------
 (Depth) Function   	        Calls       Base Space   Used Autos Params    Refs
 ---------------------------------------------------------------------------------
 (0) _main                                                 0     0      0       0
                          _pinConfig
 ---------------------------------------------------------------------------------
 (1) _pinConfig                                            0     0      0       0
 ---------------------------------------------------------------------------------
 Estimated maximum stack depth 1
 ---------------------------------------------------------------------------------

 Call Graph Graphs:

 _main (ROOT)
   _pinConfig

 Address spaces:
Name               Size   Autos  Total    Cost      Usage
BITCOMRAM           5F      0       0       0        0.0%
EEDATA             100      0       0       0        0.0%
NULL                 0      0       0       0        0.0%
CODE                 0      0       0       0        0.0%
COMRAM              5F      0       0       1        0.0%
STACK                0      0       0       2        0.0%
ABS                  0      0       0       3        0.0%
DATA                 0      0       0       4        0.0%
BITBANK0            A0      0       0       5        0.0%
BANK0               A0      0       0       6        0.0%
BITBANK1           100      0       0       7        0.0%
BANK1              100      0       0       8        0.0%
BITBANK2           100      0       0       9        0.0%
BANK2              100      0       0      10        0.0%
BITBANK3           100      0       0      11        0.0%
BANK3              100      0       0      12        0.0%
BITBANK4           100      0       0      13        0.0%
BANK4              100      0       0      14        0.0%
BITBANK5           100      0       0      15        0.0%
BANK5              100      0       0      16        0.0%
BITBANK6           100      0       0      17        0.0%
BANK6              100      0       0      18        0.0%
BITBANK7           100      0       0      19        0.0%
BANK7              100      0       0      20        0.0%
BITBIGSFRhh         6A      0       0      21        0.0%
BITBIGSFRhl          1      0       0      22        0.0%
BITBIGSFRlh          6      0       0      23        0.0%
BITBIGSFRllh         1      0       0      24        0.0%
BITBIGSFRlll        2A      0       0      25        0.0%
BIGRAM             7FF      0       0      26        0.0%
BIGSFR               0      0       0     200        0.0%
BITSFR               0      0       0     200        0.0%
SFR                  0      0       0     200        0.0%


Microchip Technology PIC18 Macro Assembler V2.45 build 20230818022343 
Symbol Table                                                                                   Fri Dec 22 00:03:09 2023

                     l11 0822                       u15 080E                       u17 0810  
                    l695 081E                      l697 0802                      l699 0806  
                   _main 0802                     start 0000             ___param_bank 0000  
                  ?_main 0000          __initialization 0818             __end_of_main 0818  
                 ??_main 0000            __activetblptr 0000                   isa$std 0001  
           __mediumconst 0000               __accesstop 0060  __end_of__initialization 0818  
          ___rparam_used 0001           __pcstackCOMRAM 0000                  __Hparam 0000  
                __Lparam 0000             __psmallconst 0800                  __pcinit 0818  
                __ramtop 0800                  __ptext0 0802                  __ptext1 081E  
      __end_of_pinConfig 0824     end_of_initialization 0818                _TRISBbits 0F93  
              _TRISDbits 0F95      start_initialization 0818              __smallconst 0800  
              _pinConfig 081E                 _LATBbits 0F8A                 _LATDbits 0F8C  
             ?_pinConfig 0000                 __Hrparam 0000                 __Lrparam 0000  
               isa$xinst 0000              ??_pinConfig 0000  
